0 info it worked if it ends with ok
1 verbose cli [ '/usr/bin/node', '/usr/bin/npm', 'install', 'cors' ]
2 info using npm@3.5.2
3 info using node@v8.10.0
4 silly loadCurrentTree Starting
5 silly install loadCurrentTree
6 silly install readLocalPackageData
7 silly fetchPackageMetaData cors
8 silly fetchNamedPackageData cors
9 silly mapToRegistry name cors
10 silly mapToRegistry using default registry
11 silly mapToRegistry registry https://registry.npmjs.org/
12 silly mapToRegistry uri https://registry.npmjs.org/cors
13 verbose request uri https://registry.npmjs.org/cors
14 verbose request no auth needed
15 info attempt registry request try #1 at 4:51:38 PM
16 verbose request id 0e40d6c4f41e9f28
17 verbose etag W/"767c12bdc7bec542e86f096187e83911"
18 verbose lastModified Fri, 29 Nov 2019 09:32:44 GMT
19 http request GET https://registry.npmjs.org/cors
20 http 304 https://registry.npmjs.org/cors
21 verbose headers { date: 'Fri, 27 Mar 2020 19:51:38 GMT',
21 verbose headers   connection: 'keep-alive',
21 verbose headers   'set-cookie':
21 verbose headers    [ '__cfduid=d2025f815d43bb6661f940179fdc4a7e41585338698; expires=Sun, 26-Apr-20 19:51:38 GMT; path=/; domain=.npmjs.org; HttpOnly; SameSite=Lax' ],
21 verbose headers   'cf-ray': '57aba5b10bdaf62b-GRU',
21 verbose headers   age: '4434',
21 verbose headers   'cache-control': 'public, max-age=300',
21 verbose headers   etag: '"767c12bdc7bec542e86f096187e83911"',
21 verbose headers   'last-modified': 'Fri, 29 Nov 2019 09:32:44 GMT',
21 verbose headers   vary: 'Accept-Encoding',
21 verbose headers   'cf-cache-status': 'HIT',
21 verbose headers   'expect-ct': 'max-age=604800, report-uri="https://report-uri.cloudflare.com/cdn-cgi/beacon/expect-ct"',
21 verbose headers   server: 'cloudflare' }
22 silly get cb [ 304,
22 silly get   { date: 'Fri, 27 Mar 2020 19:51:38 GMT',
22 silly get     connection: 'keep-alive',
22 silly get     'set-cookie':
22 silly get      [ '__cfduid=d2025f815d43bb6661f940179fdc4a7e41585338698; expires=Sun, 26-Apr-20 19:51:38 GMT; path=/; domain=.npmjs.org; HttpOnly; SameSite=Lax' ],
22 silly get     'cf-ray': '57aba5b10bdaf62b-GRU',
22 silly get     age: '4434',
22 silly get     'cache-control': 'public, max-age=300',
22 silly get     etag: '"767c12bdc7bec542e86f096187e83911"',
22 silly get     'last-modified': 'Fri, 29 Nov 2019 09:32:44 GMT',
22 silly get     vary: 'Accept-Encoding',
22 silly get     'cf-cache-status': 'HIT',
22 silly get     'expect-ct': 'max-age=604800, report-uri="https://report-uri.cloudflare.com/cdn-cgi/beacon/expect-ct"',
22 silly get     server: 'cloudflare' } ]
23 verbose etag https://registry.npmjs.org/cors from cache
24 verbose get saving cors to /home/marcelocf/.npm/registry.npmjs.org/cors/.cache.json
25 silly install normalizeTree
26 silly loadCurrentTree Finishing
27 silly loadIdealTree Starting
28 silly install loadIdealTree
29 silly cloneCurrentTree Starting
30 silly install cloneCurrentTreeToIdealTree
31 silly cloneCurrentTree Finishing
32 silly loadShrinkwrap Starting
33 silly install loadShrinkwrap
34 silly loadShrinkwrap Finishing
35 silly loadAllDepsIntoIdealTree Starting
36 silly install loadAllDepsIntoIdealTree
37 silly resolveWithNewModule cors@2.8.5 checking installable status
38 silly cache add args [ 'cors', null ]
39 verbose cache add spec cors
40 silly cache add parsed spec Result {
40 silly cache add   raw: 'cors',
40 silly cache add   scope: null,
40 silly cache add   name: 'cors',
40 silly cache add   rawSpec: '',
40 silly cache add   spec: 'latest',
40 silly cache add   type: 'tag' }
41 silly addNamed cors@latest
42 verbose addNamed "latest" is being treated as a dist-tag for cors
43 info addNameTag [ 'cors', 'latest' ]
44 silly mapToRegistry name cors
45 silly mapToRegistry using default registry
46 silly mapToRegistry registry https://registry.npmjs.org/
47 silly mapToRegistry uri https://registry.npmjs.org/cors
48 verbose addNameTag registry:https://registry.npmjs.org/cors not in flight; fetching
49 verbose get https://registry.npmjs.org/cors not expired, no request
50 silly addNameTag next cb for cors with tag latest
51 silly addNamed cors@2.8.5
52 verbose addNamed "2.8.5" is a plain semver version for cors
53 silly cache afterAdd cors@2.8.5
54 verbose afterAdd /home/marcelocf/.npm/cors/2.8.5/package/package.json not in flight; writing
55 verbose afterAdd /home/marcelocf/.npm/cors/2.8.5/package/package.json written
56 silly fetchNamedPackageData fsevents
57 silly mapToRegistry name fsevents
58 silly mapToRegistry using default registry
59 silly mapToRegistry registry https://registry.npmjs.org/
60 silly mapToRegistry uri https://registry.npmjs.org/fsevents
61 verbose request uri https://registry.npmjs.org/fsevents
62 verbose request no auth needed
63 info attempt registry request try #1 at 4:51:41 PM
64 verbose etag W/"ce52c12553ec385e5dace46e4c8be564"
65 verbose lastModified Thu, 19 Mar 2020 09:15:01 GMT
66 http request GET https://registry.npmjs.org/fsevents
67 http 304 https://registry.npmjs.org/fsevents
68 verbose headers { date: 'Fri, 27 Mar 2020 19:51:40 GMT',
68 verbose headers   connection: 'keep-alive',
68 verbose headers   'set-cookie':
68 verbose headers    [ '__cfduid=db4ab1007881920ed823ed0fd1d9de1821585338700; expires=Sun, 26-Apr-20 19:51:40 GMT; path=/; domain=.npmjs.org; HttpOnly; SameSite=Lax' ],
68 verbose headers   'cf-ray': '57aba5be5b5df62b-GRU',
68 verbose headers   age: '1869',
68 verbose headers   'cache-control': 'public, max-age=300',
68 verbose headers   etag: '"ce52c12553ec385e5dace46e4c8be564"',
68 verbose headers   'last-modified': 'Thu, 19 Mar 2020 09:15:01 GMT',
68 verbose headers   vary: 'Accept-Encoding',
68 verbose headers   'cf-cache-status': 'HIT',
68 verbose headers   'expect-ct': 'max-age=604800, report-uri="https://report-uri.cloudflare.com/cdn-cgi/beacon/expect-ct"',
68 verbose headers   server: 'cloudflare' }
69 silly get cb [ 304,
69 silly get   { date: 'Fri, 27 Mar 2020 19:51:40 GMT',
69 silly get     connection: 'keep-alive',
69 silly get     'set-cookie':
69 silly get      [ '__cfduid=db4ab1007881920ed823ed0fd1d9de1821585338700; expires=Sun, 26-Apr-20 19:51:40 GMT; path=/; domain=.npmjs.org; HttpOnly; SameSite=Lax' ],
69 silly get     'cf-ray': '57aba5be5b5df62b-GRU',
69 silly get     age: '1869',
69 silly get     'cache-control': 'public, max-age=300',
69 silly get     etag: '"ce52c12553ec385e5dace46e4c8be564"',
69 silly get     'last-modified': 'Thu, 19 Mar 2020 09:15:01 GMT',
69 silly get     vary: 'Accept-Encoding',
69 silly get     'cf-cache-status': 'HIT',
69 silly get     'expect-ct': 'max-age=604800, report-uri="https://report-uri.cloudflare.com/cdn-cgi/beacon/expect-ct"',
69 silly get     server: 'cloudflare' } ]
70 verbose etag https://registry.npmjs.org/fsevents from cache
71 verbose get saving fsevents to /home/marcelocf/.npm/registry.npmjs.org/fsevents/.cache.json
72 silly resolveWithNewModule fsevents@2.1.2 checking installable status
73 silly loadAllDepsIntoIdealTree Finishing
74 silly idealTree:prePrune backend@1.0.0
74 silly idealTree:prePrune ├── abbrev@1.1.1
74 silly idealTree:prePrune ├── accepts@1.3.7
74 silly idealTree:prePrune ├── ajv@6.12.0
74 silly idealTree:prePrune ├── ansi-align@2.0.0
74 silly idealTree:prePrune ├── ansi-regex@3.0.0
74 silly idealTree:prePrune ├── ansi-styles@3.2.1
74 silly idealTree:prePrune ├── anymatch@3.1.1
74 silly idealTree:prePrune ├── aproba@1.2.0
74 silly idealTree:prePrune ├── are-we-there-yet@1.1.5
74 silly idealTree:prePrune ├── arr-diff@4.0.0
74 silly idealTree:prePrune ├── arr-flatten@1.1.0
74 silly idealTree:prePrune ├── arr-union@3.1.0
74 silly idealTree:prePrune ├── array-each@1.0.1
74 silly idealTree:prePrune ├── array-flatten@1.1.1
74 silly idealTree:prePrune ├── array-slice@1.1.0
74 silly idealTree:prePrune ├── array-unique@0.3.2
74 silly idealTree:prePrune ├── asn1@0.2.4
74 silly idealTree:prePrune ├── assert-plus@1.0.0
74 silly idealTree:prePrune ├── assign-symbols@1.0.0
74 silly idealTree:prePrune ├── asynckit@0.4.0
74 silly idealTree:prePrune ├── atob@2.1.2
74 silly idealTree:prePrune ├── aws-sign2@0.7.0
74 silly idealTree:prePrune ├── aws4@1.9.1
74 silly idealTree:prePrune ├── balanced-match@1.0.0
74 silly idealTree:prePrune ├─┬ base@0.11.2
74 silly idealTree:prePrune │ ├── define-property@1.0.0
74 silly idealTree:prePrune │ ├── is-accessor-descriptor@1.0.0
74 silly idealTree:prePrune │ ├── is-data-descriptor@1.0.0
74 silly idealTree:prePrune │ └── is-descriptor@1.0.2
74 silly idealTree:prePrune ├── bcrypt-pbkdf@1.0.2
74 silly idealTree:prePrune ├── binary-extensions@2.0.0
74 silly idealTree:prePrune ├── body-parser@1.19.0
74 silly idealTree:prePrune ├── boxen@1.3.0
74 silly idealTree:prePrune ├── brace-expansion@1.1.11
74 silly idealTree:prePrune ├── braces@3.0.2
74 silly idealTree:prePrune ├── bytes@3.1.0
74 silly idealTree:prePrune ├── cache-base@1.0.1
74 silly idealTree:prePrune ├── camelcase@4.1.0
74 silly idealTree:prePrune ├── capture-stack-trace@1.0.1
74 silly idealTree:prePrune ├── caseless@0.12.0
74 silly idealTree:prePrune ├── chalk@2.4.2
74 silly idealTree:prePrune ├── chokidar@3.3.1
74 silly idealTree:prePrune ├── chownr@1.1.4
74 silly idealTree:prePrune ├── ci-info@1.6.0
74 silly idealTree:prePrune ├─┬ class-utils@0.3.6
74 silly idealTree:prePrune │ └── define-property@0.2.5
74 silly idealTree:prePrune ├── cli-boxes@1.0.0
74 silly idealTree:prePrune ├── code-point-at@1.1.0
74 silly idealTree:prePrune ├── collection-visit@1.0.0
74 silly idealTree:prePrune ├── color-convert@1.9.3
74 silly idealTree:prePrune ├── color-name@1.1.3
74 silly idealTree:prePrune ├── colorette@1.1.0
74 silly idealTree:prePrune ├── combined-stream@1.0.8
74 silly idealTree:prePrune ├── commander@4.1.1
74 silly idealTree:prePrune ├── component-emitter@1.3.0
74 silly idealTree:prePrune ├── concat-map@0.0.1
74 silly idealTree:prePrune ├── configstore@3.1.2
74 silly idealTree:prePrune ├── console-control-strings@1.1.0
74 silly idealTree:prePrune ├── content-disposition@0.5.3
74 silly idealTree:prePrune ├── content-type@1.0.4
74 silly idealTree:prePrune ├── cookie-signature@1.0.6
74 silly idealTree:prePrune ├── cookie@0.4.0
74 silly idealTree:prePrune ├── copy-descriptor@0.1.1
74 silly idealTree:prePrune ├── core-util-is@1.0.2
74 silly idealTree:prePrune ├── cors@2.8.5
74 silly idealTree:prePrune ├── create-error-class@3.0.2
74 silly idealTree:prePrune ├── cross-spawn@5.1.0
74 silly idealTree:prePrune ├── crypto-random-string@1.0.0
74 silly idealTree:prePrune ├── dashdash@1.14.1
74 silly idealTree:prePrune ├── debug@2.6.9
74 silly idealTree:prePrune ├── decode-uri-component@0.2.0
74 silly idealTree:prePrune ├── deep-extend@0.6.0
74 silly idealTree:prePrune ├─┬ define-property@2.0.2
74 silly idealTree:prePrune │ ├── is-accessor-descriptor@1.0.0
74 silly idealTree:prePrune │ ├── is-data-descriptor@1.0.0
74 silly idealTree:prePrune │ └── is-descriptor@1.0.2
74 silly idealTree:prePrune ├── delayed-stream@1.0.0
74 silly idealTree:prePrune ├── delegates@1.0.0
74 silly idealTree:prePrune ├── depd@1.1.2
74 silly idealTree:prePrune ├── destroy@1.0.4
74 silly idealTree:prePrune ├── detect-file@1.0.0
74 silly idealTree:prePrune ├── detect-libc@1.0.3
74 silly idealTree:prePrune ├── dot-prop@4.2.0
74 silly idealTree:prePrune ├── duplexer3@0.1.4
74 silly idealTree:prePrune ├── ecc-jsbn@0.1.2
74 silly idealTree:prePrune ├── ee-first@1.1.1
74 silly idealTree:prePrune ├── encodeurl@1.0.2
74 silly idealTree:prePrune ├── escape-html@1.0.3
74 silly idealTree:prePrune ├── escape-string-regexp@1.0.5
74 silly idealTree:prePrune ├── esm@3.2.25
74 silly idealTree:prePrune ├── etag@1.8.1
74 silly idealTree:prePrune ├── execa@0.7.0
74 silly idealTree:prePrune ├─┬ expand-brackets@2.1.4
74 silly idealTree:prePrune │ ├── define-property@0.2.5
74 silly idealTree:prePrune │ └── extend-shallow@2.0.1
74 silly idealTree:prePrune ├── expand-tilde@2.0.2
74 silly idealTree:prePrune ├─┬ extend-shallow@3.0.2
74 silly idealTree:prePrune │ └── is-extendable@1.0.1
74 silly idealTree:prePrune ├── extend@3.0.2
74 silly idealTree:prePrune ├─┬ extglob@2.0.4
74 silly idealTree:prePrune │ ├── define-property@1.0.0
74 silly idealTree:prePrune │ ├── extend-shallow@2.0.1
74 silly idealTree:prePrune │ ├── is-accessor-descriptor@1.0.0
74 silly idealTree:prePrune │ ├── is-data-descriptor@1.0.0
74 silly idealTree:prePrune │ └── is-descriptor@1.0.2
74 silly idealTree:prePrune ├── extsprintf@1.3.0
74 silly idealTree:prePrune ├── fast-deep-equal@3.1.1
74 silly idealTree:prePrune ├── fast-json-stable-stringify@2.1.0
74 silly idealTree:prePrune ├── fill-range@7.0.1
74 silly idealTree:prePrune ├── finalhandler@1.1.2
74 silly idealTree:prePrune ├── findup-sync@3.0.0
74 silly idealTree:prePrune ├── fined@1.2.0
74 silly idealTree:prePrune ├── flagged-respawn@1.0.1
74 silly idealTree:prePrune ├── for-in@1.0.2
74 silly idealTree:prePrune ├── for-own@1.0.0
74 silly idealTree:prePrune ├── forever-agent@0.6.1
74 silly idealTree:prePrune ├── form-data@2.3.3
74 silly idealTree:prePrune ├── forwarded@0.1.2
74 silly idealTree:prePrune ├── fragment-cache@0.2.1
74 silly idealTree:prePrune ├── fresh@0.5.2
74 silly idealTree:prePrune ├── fs-minipass@1.2.7
74 silly idealTree:prePrune ├── fs.realpath@1.0.0
74 silly idealTree:prePrune ├─┬ gauge@2.7.4
74 silly idealTree:prePrune │ ├── ansi-regex@2.1.1
74 silly idealTree:prePrune │ ├── is-fullwidth-code-point@1.0.0
74 silly idealTree:prePrune │ ├── string-width@1.0.2
74 silly idealTree:prePrune │ └── strip-ansi@3.0.1
74 silly idealTree:prePrune ├── get-stream@3.0.0
74 silly idealTree:prePrune ├── get-value@2.0.6
74 silly idealTree:prePrune ├── getopts@2.2.5
74 silly idealTree:prePrune ├── getpass@0.1.7
74 silly idealTree:prePrune ├── glob-parent@5.1.1
74 silly idealTree:prePrune ├── glob@7.1.6
74 silly idealTree:prePrune ├── global-dirs@0.1.1
74 silly idealTree:prePrune ├── global-modules@1.0.0
74 silly idealTree:prePrune ├── global-prefix@1.0.2
74 silly idealTree:prePrune ├── got@6.7.1
74 silly idealTree:prePrune ├── graceful-fs@4.2.3
74 silly idealTree:prePrune ├── har-schema@2.0.0
74 silly idealTree:prePrune ├── har-validator@5.1.3
74 silly idealTree:prePrune ├── has-flag@3.0.0
74 silly idealTree:prePrune ├── has-unicode@2.0.1
74 silly idealTree:prePrune ├── has-value@1.0.0
74 silly idealTree:prePrune ├─┬ has-values@1.0.0
74 silly idealTree:prePrune │ ├─┬ is-number@3.0.0
74 silly idealTree:prePrune │ │ └── kind-of@3.2.2
74 silly idealTree:prePrune │ └── kind-of@4.0.0
74 silly idealTree:prePrune ├── homedir-polyfill@1.0.3
74 silly idealTree:prePrune ├── http-errors@1.7.2
74 silly idealTree:prePrune ├── http-signature@1.2.0
74 silly idealTree:prePrune ├── iconv-lite@0.4.24
74 silly idealTree:prePrune ├── ignore-by-default@1.0.1
74 silly idealTree:prePrune ├── ignore-walk@3.0.3
74 silly idealTree:prePrune ├── import-lazy@2.1.0
74 silly idealTree:prePrune ├── imurmurhash@0.1.4
74 silly idealTree:prePrune ├── inflight@1.0.6
74 silly idealTree:prePrune ├── inherits@2.0.3
74 silly idealTree:prePrune ├── ini@1.3.5
74 silly idealTree:prePrune ├── interpret@2.0.0
74 silly idealTree:prePrune ├── ipaddr.js@1.9.1
74 silly idealTree:prePrune ├── is-absolute@1.0.0
74 silly idealTree:prePrune ├─┬ is-accessor-descriptor@0.1.6
74 silly idealTree:prePrune │ └── kind-of@3.2.2
74 silly idealTree:prePrune ├── is-binary-path@2.1.0
74 silly idealTree:prePrune ├── is-buffer@1.1.6
74 silly idealTree:prePrune ├── is-ci@1.2.1
74 silly idealTree:prePrune ├─┬ is-data-descriptor@0.1.4
74 silly idealTree:prePrune │ └── kind-of@3.2.2
74 silly idealTree:prePrune ├─┬ is-descriptor@0.1.6
74 silly idealTree:prePrune │ └── kind-of@5.1.0
74 silly idealTree:prePrune ├── is-extendable@0.1.1
74 silly idealTree:prePrune ├── is-extglob@2.1.1
74 silly idealTree:prePrune ├── is-fullwidth-code-point@2.0.0
74 silly idealTree:prePrune ├── is-glob@4.0.1
74 silly idealTree:prePrune ├── is-installed-globally@0.1.0
74 silly idealTree:prePrune ├── is-npm@1.0.0
74 silly idealTree:prePrune ├── is-number@7.0.0
74 silly idealTree:prePrune ├── is-obj@1.0.1
74 silly idealTree:prePrune ├── is-path-inside@1.0.1
74 silly idealTree:prePrune ├── is-plain-object@2.0.4
74 silly idealTree:prePrune ├── is-redirect@1.0.0
74 silly idealTree:prePrune ├── is-relative@1.0.0
74 silly idealTree:prePrune ├── is-retry-allowed@1.2.0
74 silly idealTree:prePrune ├── is-stream@1.1.0
74 silly idealTree:prePrune ├── is-typedarray@1.0.0
74 silly idealTree:prePrune ├── is-unc-path@1.0.0
74 silly idealTree:prePrune ├── is-windows@1.0.2
74 silly idealTree:prePrune ├── isarray@1.0.0
74 silly idealTree:prePrune ├── isexe@2.0.0
74 silly idealTree:prePrune ├── isobject@3.0.1
74 silly idealTree:prePrune ├── isstream@0.1.2
74 silly idealTree:prePrune ├── jsbn@0.1.1
74 silly idealTree:prePrune ├── json-schema-traverse@0.4.1
74 silly idealTree:prePrune ├── json-schema@0.2.3
74 silly idealTree:prePrune ├── json-stringify-safe@5.0.1
74 silly idealTree:prePrune ├── jsprim@1.4.1
74 silly idealTree:prePrune ├── kind-of@6.0.3
74 silly idealTree:prePrune ├─┬ knex@0.20.13
74 silly idealTree:prePrune │ ├── debug@4.1.1
74 silly idealTree:prePrune │ ├── inherits@2.0.4
74 silly idealTree:prePrune │ └── ms@2.1.2
74 silly idealTree:prePrune ├── latest-version@3.1.0
74 silly idealTree:prePrune ├── liftoff@3.1.0
74 silly idealTree:prePrune ├── lodash@4.17.15
74 silly idealTree:prePrune ├── lowercase-keys@1.0.1
74 silly idealTree:prePrune ├── lru-cache@4.1.5
74 silly idealTree:prePrune ├── make-dir@1.3.0
74 silly idealTree:prePrune ├── make-iterator@1.0.1
74 silly idealTree:prePrune ├── map-cache@0.2.2
74 silly idealTree:prePrune ├── map-visit@1.0.0
74 silly idealTree:prePrune ├── media-typer@0.3.0
74 silly idealTree:prePrune ├── merge-descriptors@1.0.1
74 silly idealTree:prePrune ├── methods@1.1.2
74 silly idealTree:prePrune ├─┬ micromatch@3.1.10
74 silly idealTree:prePrune │ ├─┬ braces@2.3.2
74 silly idealTree:prePrune │ │ └── extend-shallow@2.0.1
74 silly idealTree:prePrune │ ├─┬ fill-range@4.0.0
74 silly idealTree:prePrune │ │ └── extend-shallow@2.0.1
74 silly idealTree:prePrune │ ├─┬ is-number@3.0.0
74 silly idealTree:prePrune │ │ └── kind-of@3.2.2
74 silly idealTree:prePrune │ └── to-regex-range@2.1.1
74 silly idealTree:prePrune ├── mime-db@1.43.0
74 silly idealTree:prePrune ├── mime-types@2.1.26
74 silly idealTree:prePrune ├── mime@1.6.0
74 silly idealTree:prePrune ├── minimatch@3.0.4
74 silly idealTree:prePrune ├── minimist@1.2.5
74 silly idealTree:prePrune ├─┬ minipass@2.9.0
74 silly idealTree:prePrune │ └── yallist@3.1.1
74 silly idealTree:prePrune ├── minizlib@1.3.3
74 silly idealTree:prePrune ├─┬ mixin-deep@1.3.2
74 silly idealTree:prePrune │ └── is-extendable@1.0.1
74 silly idealTree:prePrune ├── mkdirp@0.5.4
74 silly idealTree:prePrune ├── ms@2.0.0
74 silly idealTree:prePrune ├── nan@2.14.0
74 silly idealTree:prePrune ├── nanomatch@1.2.13
74 silly idealTree:prePrune ├─┬ needle@2.3.3
74 silly idealTree:prePrune │ ├── debug@3.2.6
74 silly idealTree:prePrune │ └── ms@2.1.2
74 silly idealTree:prePrune ├── negotiator@0.6.2
74 silly idealTree:prePrune ├─┬ node-pre-gyp@0.11.0
74 silly idealTree:prePrune │ └── nopt@4.0.3
74 silly idealTree:prePrune ├─┬ nodemon@2.0.2
74 silly idealTree:prePrune │ ├── debug@3.2.6
74 silly idealTree:prePrune │ └── ms@2.1.2
74 silly idealTree:prePrune ├── nopt@1.0.10
74 silly idealTree:prePrune ├── normalize-path@3.0.0
74 silly idealTree:prePrune ├── npm-bundled@1.1.1
74 silly idealTree:prePrune ├── npm-normalize-package-bin@1.0.1
74 silly idealTree:prePrune ├── npm-packlist@1.4.8
74 silly idealTree:prePrune ├── npm-run-path@2.0.2
74 silly idealTree:prePrune ├── npmlog@4.1.2
74 silly idealTree:prePrune ├── number-is-nan@1.0.1
74 silly idealTree:prePrune ├── oauth-sign@0.9.0
74 silly idealTree:prePrune ├── object-assign@4.1.1
74 silly idealTree:prePrune ├─┬ object-copy@0.1.0
74 silly idealTree:prePrune │ ├── define-property@0.2.5
74 silly idealTree:prePrune │ └── kind-of@3.2.2
74 silly idealTree:prePrune ├── object-visit@1.0.1
74 silly idealTree:prePrune ├── object.defaults@1.1.0
74 silly idealTree:prePrune ├── object.map@1.0.1
74 silly idealTree:prePrune ├── object.pick@1.3.0
74 silly idealTree:prePrune ├── on-finished@2.3.0
74 silly idealTree:prePrune ├── once@1.4.0
74 silly idealTree:prePrune ├── os-homedir@1.0.2
74 silly idealTree:prePrune ├── os-tmpdir@1.0.2
74 silly idealTree:prePrune ├── osenv@0.1.5
74 silly idealTree:prePrune ├── p-finally@1.0.0
74 silly idealTree:prePrune ├── package-json@4.0.1
74 silly idealTree:prePrune ├── parse-filepath@1.0.2
74 silly idealTree:prePrune ├── parse-passwd@1.0.0
74 silly idealTree:prePrune ├── parseurl@1.3.3
74 silly idealTree:prePrune ├── pascalcase@0.1.1
74 silly idealTree:prePrune ├── path-is-absolute@1.0.1
74 silly idealTree:prePrune ├── path-is-inside@1.0.2
74 silly idealTree:prePrune ├── path-key@2.0.1
74 silly idealTree:prePrune ├── path-parse@1.0.6
74 silly idealTree:prePrune ├── path-root-regex@0.1.2
74 silly idealTree:prePrune ├── path-root@0.1.1
74 silly idealTree:prePrune ├── path-to-regexp@0.1.7
74 silly idealTree:prePrune ├── performance-now@2.1.0
74 silly idealTree:prePrune ├── pg-connection-string@2.1.0
74 silly idealTree:prePrune ├── picomatch@2.2.2
74 silly idealTree:prePrune ├── pify@3.0.0
74 silly idealTree:prePrune ├── posix-character-classes@0.1.1
74 silly idealTree:prePrune ├── prepend-http@1.0.4
74 silly idealTree:prePrune ├── process-nextick-args@2.0.1
74 silly idealTree:prePrune ├── proxy-addr@2.0.6
74 silly idealTree:prePrune ├── pseudomap@1.0.2
74 silly idealTree:prePrune ├── psl@1.7.0
74 silly idealTree:prePrune ├── pstree.remy@1.1.7
74 silly idealTree:prePrune ├── punycode@2.1.1
74 silly idealTree:prePrune ├── qs@6.7.0
74 silly idealTree:prePrune ├── range-parser@1.2.1
74 silly idealTree:prePrune ├── raw-body@2.4.0
74 silly idealTree:prePrune ├── rc@1.2.8
74 silly idealTree:prePrune ├── readable-stream@2.3.7
74 silly idealTree:prePrune ├── readdirp@3.3.0
74 silly idealTree:prePrune ├── rechoir@0.6.2
74 silly idealTree:prePrune ├── regex-not@1.0.2
74 silly idealTree:prePrune ├── registry-auth-token@3.4.0
74 silly idealTree:prePrune ├── registry-url@3.1.0
74 silly idealTree:prePrune ├── repeat-element@1.1.3
74 silly idealTree:prePrune ├── repeat-string@1.6.1
74 silly idealTree:prePrune ├─┬ request@2.88.2
74 silly idealTree:prePrune │ ├── qs@6.5.2
74 silly idealTree:prePrune │ └── uuid@3.4.0
74 silly idealTree:prePrune ├── resolve-dir@1.0.1
74 silly idealTree:prePrune ├── resolve-url@0.2.1
74 silly idealTree:prePrune ├── resolve@1.15.1
74 silly idealTree:prePrune ├── ret@0.1.15
74 silly idealTree:prePrune ├── rimraf@2.7.1
74 silly idealTree:prePrune ├── safe-buffer@5.1.2
74 silly idealTree:prePrune ├── safe-regex@1.1.0
74 silly idealTree:prePrune ├── safer-buffer@2.1.2
74 silly idealTree:prePrune ├── sax@1.2.4
74 silly idealTree:prePrune ├── semver-diff@2.1.0
74 silly idealTree:prePrune ├── semver@5.7.1
74 silly idealTree:prePrune ├─┬ send@0.17.1
74 silly idealTree:prePrune │ └── ms@2.1.1
74 silly idealTree:prePrune ├── serve-static@1.14.1
74 silly idealTree:prePrune ├── set-blocking@2.0.0
74 silly idealTree:prePrune ├─┬ set-value@2.0.1
74 silly idealTree:prePrune │ └── extend-shallow@2.0.1
74 silly idealTree:prePrune ├── setprototypeof@1.1.1
74 silly idealTree:prePrune ├── shebang-command@1.2.0
74 silly idealTree:prePrune ├── shebang-regex@1.0.0
74 silly idealTree:prePrune ├── signal-exit@3.0.2
74 silly idealTree:prePrune ├─┬ snapdragon-node@2.1.1
74 silly idealTree:prePrune │ ├── define-property@1.0.0
74 silly idealTree:prePrune │ ├── is-accessor-descriptor@1.0.0
74 silly idealTree:prePrune │ ├── is-data-descriptor@1.0.0
74 silly idealTree:prePrune │ └── is-descriptor@1.0.2
74 silly idealTree:prePrune ├─┬ snapdragon-util@3.0.1
74 silly idealTree:prePrune │ └── kind-of@3.2.2
74 silly idealTree:prePrune ├─┬ snapdragon@0.8.2
74 silly idealTree:prePrune │ ├── define-property@0.2.5
74 silly idealTree:prePrune │ └── extend-shallow@2.0.1
74 silly idealTree:prePrune ├── source-map-resolve@0.5.3
74 silly idealTree:prePrune ├── source-map-url@0.4.0
74 silly idealTree:prePrune ├── source-map@0.5.7
74 silly idealTree:prePrune ├── split-string@3.1.0
74 silly idealTree:prePrune ├── sqlite3@4.1.1
74 silly idealTree:prePrune ├── sshpk@1.16.1
74 silly idealTree:prePrune ├─┬ static-extend@0.1.2
74 silly idealTree:prePrune │ └── define-property@0.2.5
74 silly idealTree:prePrune ├── statuses@1.5.0
74 silly idealTree:prePrune ├── string_decoder@1.1.1
74 silly idealTree:prePrune ├── string-width@2.1.1
74 silly idealTree:prePrune ├── strip-ansi@4.0.0
74 silly idealTree:prePrune ├── strip-eof@1.0.0
74 silly idealTree:prePrune ├── strip-json-comments@2.0.1
74 silly idealTree:prePrune ├── supports-color@5.5.0
74 silly idealTree:prePrune ├─┬ tar@4.4.13
74 silly idealTree:prePrune │ └── yallist@3.1.1
74 silly idealTree:prePrune ├── tarn@2.0.0
74 silly idealTree:prePrune ├── term-size@1.2.0
74 silly idealTree:prePrune ├── tildify@2.0.0
74 silly idealTree:prePrune ├── timed-out@4.0.1
74 silly idealTree:prePrune ├─┬ to-object-path@0.3.0
74 silly idealTree:prePrune │ └── kind-of@3.2.2
74 silly idealTree:prePrune ├── to-regex-range@5.0.1
74 silly idealTree:prePrune ├── to-regex@3.0.2
74 silly idealTree:prePrune ├── toidentifier@1.0.0
74 silly idealTree:prePrune ├── touch@3.1.0
74 silly idealTree:prePrune ├── tough-cookie@2.5.0
74 silly idealTree:prePrune ├── tunnel-agent@0.6.0
74 silly idealTree:prePrune ├── tweetnacl@0.14.5
74 silly idealTree:prePrune ├── type-is@1.6.18
74 silly idealTree:prePrune ├── unc-path-regex@0.1.2
74 silly idealTree:prePrune ├── undefsafe@2.0.3
74 silly idealTree:prePrune ├── union-value@1.0.1
74 silly idealTree:prePrune ├── unique-string@1.0.0
74 silly idealTree:prePrune ├── unpipe@1.0.0
74 silly idealTree:prePrune ├─┬ unset-value@1.0.0
74 silly idealTree:prePrune │ ├─┬ has-value@0.3.1
74 silly idealTree:prePrune │ │ └── isobject@2.1.0
74 silly idealTree:prePrune │ └── has-values@0.1.4
74 silly idealTree:prePrune ├── unzip-response@2.0.1
74 silly idealTree:prePrune ├── update-notifier@2.5.0
74 silly idealTree:prePrune ├── uri-js@4.2.2
74 silly idealTree:prePrune ├── urix@0.1.0
74 silly idealTree:prePrune ├── url-parse-lax@1.0.0
74 silly idealTree:prePrune ├── use@3.1.1
74 silly idealTree:prePrune ├── util-deprecate@1.0.2
74 silly idealTree:prePrune ├── utils-merge@1.0.1
74 silly idealTree:prePrune ├── uuid@7.0.2
74 silly idealTree:prePrune ├── v8flags@3.1.3
74 silly idealTree:prePrune ├── vary@1.1.2
74 silly idealTree:prePrune ├── verror@1.10.0
74 silly idealTree:prePrune ├── which@1.3.1
74 silly idealTree:prePrune ├── wide-align@1.1.3
74 silly idealTree:prePrune ├── widest-line@2.0.1
74 silly idealTree:prePrune ├── wrappy@1.0.2
74 silly idealTree:prePrune ├── write-file-atomic@2.4.3
74 silly idealTree:prePrune ├── xdg-basedir@3.0.0
74 silly idealTree:prePrune └── yallist@2.1.2
75 silly loadIdealTree Finishing
76 silly currentTree backend@1.0.0
76 silly currentTree ├── abbrev@1.1.1
76 silly currentTree ├── accepts@1.3.7
76 silly currentTree ├── ajv@6.12.0
76 silly currentTree ├── ansi-align@2.0.0
76 silly currentTree ├── ansi-regex@3.0.0
76 silly currentTree ├── ansi-styles@3.2.1
76 silly currentTree ├── anymatch@3.1.1
76 silly currentTree ├── aproba@1.2.0
76 silly currentTree ├── are-we-there-yet@1.1.5
76 silly currentTree ├── arr-diff@4.0.0
76 silly currentTree ├── arr-flatten@1.1.0
76 silly currentTree ├── arr-union@3.1.0
76 silly currentTree ├── array-each@1.0.1
76 silly currentTree ├── array-flatten@1.1.1
76 silly currentTree ├── array-slice@1.1.0
76 silly currentTree ├── array-unique@0.3.2
76 silly currentTree ├── asn1@0.2.4
76 silly currentTree ├── assert-plus@1.0.0
76 silly currentTree ├── assign-symbols@1.0.0
76 silly currentTree ├── asynckit@0.4.0
76 silly currentTree ├── atob@2.1.2
76 silly currentTree ├── aws-sign2@0.7.0
76 silly currentTree ├── aws4@1.9.1
76 silly currentTree ├── balanced-match@1.0.0
76 silly currentTree ├─┬ base@0.11.2
76 silly currentTree │ ├── define-property@1.0.0
76 silly currentTree │ ├── is-accessor-descriptor@1.0.0
76 silly currentTree │ ├── is-data-descriptor@1.0.0
76 silly currentTree │ └── is-descriptor@1.0.2
76 silly currentTree ├── bcrypt-pbkdf@1.0.2
76 silly currentTree ├── binary-extensions@2.0.0
76 silly currentTree ├── body-parser@1.19.0
76 silly currentTree ├── boxen@1.3.0
76 silly currentTree ├── brace-expansion@1.1.11
76 silly currentTree ├── braces@3.0.2
76 silly currentTree ├── bytes@3.1.0
76 silly currentTree ├── cache-base@1.0.1
76 silly currentTree ├── camelcase@4.1.0
76 silly currentTree ├── capture-stack-trace@1.0.1
76 silly currentTree ├── caseless@0.12.0
76 silly currentTree ├── chalk@2.4.2
76 silly currentTree ├── chokidar@3.3.1
76 silly currentTree ├── chownr@1.1.4
76 silly currentTree ├── ci-info@1.6.0
76 silly currentTree ├─┬ class-utils@0.3.6
76 silly currentTree │ └── define-property@0.2.5
76 silly currentTree ├── cli-boxes@1.0.0
76 silly currentTree ├── code-point-at@1.1.0
76 silly currentTree ├── collection-visit@1.0.0
76 silly currentTree ├── color-convert@1.9.3
76 silly currentTree ├── color-name@1.1.3
76 silly currentTree ├── colorette@1.1.0
76 silly currentTree ├── combined-stream@1.0.8
76 silly currentTree ├── commander@4.1.1
76 silly currentTree ├── component-emitter@1.3.0
76 silly currentTree ├── concat-map@0.0.1
76 silly currentTree ├── configstore@3.1.2
76 silly currentTree ├── console-control-strings@1.1.0
76 silly currentTree ├── content-disposition@0.5.3
76 silly currentTree ├── content-type@1.0.4
76 silly currentTree ├── cookie-signature@1.0.6
76 silly currentTree ├── cookie@0.4.0
76 silly currentTree ├── copy-descriptor@0.1.1
76 silly currentTree ├── core-util-is@1.0.2
76 silly currentTree ├── create-error-class@3.0.2
76 silly currentTree ├── cross-spawn@5.1.0
76 silly currentTree ├── crypto-random-string@1.0.0
76 silly currentTree ├── dashdash@1.14.1
76 silly currentTree ├── debug@2.6.9
76 silly currentTree ├── decode-uri-component@0.2.0
76 silly currentTree ├── deep-extend@0.6.0
76 silly currentTree ├─┬ define-property@2.0.2
76 silly currentTree │ ├── is-accessor-descriptor@1.0.0
76 silly currentTree │ ├── is-data-descriptor@1.0.0
76 silly currentTree │ └── is-descriptor@1.0.2
76 silly currentTree ├── delayed-stream@1.0.0
76 silly currentTree ├── delegates@1.0.0
76 silly currentTree ├── depd@1.1.2
76 silly currentTree ├── destroy@1.0.4
76 silly currentTree ├── detect-file@1.0.0
76 silly currentTree ├── detect-libc@1.0.3
76 silly currentTree ├── dot-prop@4.2.0
76 silly currentTree ├── duplexer3@0.1.4
76 silly currentTree ├── ecc-jsbn@0.1.2
76 silly currentTree ├── ee-first@1.1.1
76 silly currentTree ├── encodeurl@1.0.2
76 silly currentTree ├── escape-html@1.0.3
76 silly currentTree ├── escape-string-regexp@1.0.5
76 silly currentTree ├── esm@3.2.25
76 silly currentTree ├── etag@1.8.1
76 silly currentTree ├── execa@0.7.0
76 silly currentTree ├─┬ expand-brackets@2.1.4
76 silly currentTree │ ├── define-property@0.2.5
76 silly currentTree │ └── extend-shallow@2.0.1
76 silly currentTree ├── expand-tilde@2.0.2
76 silly currentTree ├─┬ extend-shallow@3.0.2
76 silly currentTree │ └── is-extendable@1.0.1
76 silly currentTree ├── extend@3.0.2
76 silly currentTree ├─┬ extglob@2.0.4
76 silly currentTree │ ├── define-property@1.0.0
76 silly currentTree │ ├── extend-shallow@2.0.1
76 silly currentTree │ ├── is-accessor-descriptor@1.0.0
76 silly currentTree │ ├── is-data-descriptor@1.0.0
76 silly currentTree │ └── is-descriptor@1.0.2
76 silly currentTree ├── extsprintf@1.3.0
76 silly currentTree ├── fast-deep-equal@3.1.1
76 silly currentTree ├── fast-json-stable-stringify@2.1.0
76 silly currentTree ├── fill-range@7.0.1
76 silly currentTree ├── finalhandler@1.1.2
76 silly currentTree ├── findup-sync@3.0.0
76 silly currentTree ├── fined@1.2.0
76 silly currentTree ├── flagged-respawn@1.0.1
76 silly currentTree ├── for-in@1.0.2
76 silly currentTree ├── for-own@1.0.0
76 silly currentTree ├── forever-agent@0.6.1
76 silly currentTree ├── form-data@2.3.3
76 silly currentTree ├── forwarded@0.1.2
76 silly currentTree ├── fragment-cache@0.2.1
76 silly currentTree ├── fresh@0.5.2
76 silly currentTree ├── fs-minipass@1.2.7
76 silly currentTree ├── fs.realpath@1.0.0
76 silly currentTree ├─┬ gauge@2.7.4
76 silly currentTree │ ├── ansi-regex@2.1.1
76 silly currentTree │ ├── is-fullwidth-code-point@1.0.0
76 silly currentTree │ ├── string-width@1.0.2
76 silly currentTree │ └── strip-ansi@3.0.1
76 silly currentTree ├── get-stream@3.0.0
76 silly currentTree ├── get-value@2.0.6
76 silly currentTree ├── getopts@2.2.5
76 silly currentTree ├── getpass@0.1.7
76 silly currentTree ├── glob-parent@5.1.1
76 silly currentTree ├── glob@7.1.6
76 silly currentTree ├── global-dirs@0.1.1
76 silly currentTree ├── global-modules@1.0.0
76 silly currentTree ├── global-prefix@1.0.2
76 silly currentTree ├── got@6.7.1
76 silly currentTree ├── graceful-fs@4.2.3
76 silly currentTree ├── har-schema@2.0.0
76 silly currentTree ├── har-validator@5.1.3
76 silly currentTree ├── has-flag@3.0.0
76 silly currentTree ├── has-unicode@2.0.1
76 silly currentTree ├── has-value@1.0.0
76 silly currentTree ├─┬ has-values@1.0.0
76 silly currentTree │ ├─┬ is-number@3.0.0
76 silly currentTree │ │ └── kind-of@3.2.2
76 silly currentTree │ └── kind-of@4.0.0
76 silly currentTree ├── homedir-polyfill@1.0.3
76 silly currentTree ├── http-errors@1.7.2
76 silly currentTree ├── http-signature@1.2.0
76 silly currentTree ├── iconv-lite@0.4.24
76 silly currentTree ├── ignore-by-default@1.0.1
76 silly currentTree ├── ignore-walk@3.0.3
76 silly currentTree ├── import-lazy@2.1.0
76 silly currentTree ├── imurmurhash@0.1.4
76 silly currentTree ├── inflight@1.0.6
76 silly currentTree ├── inherits@2.0.3
76 silly currentTree ├── ini@1.3.5
76 silly currentTree ├── interpret@2.0.0
76 silly currentTree ├── ipaddr.js@1.9.1
76 silly currentTree ├── is-absolute@1.0.0
76 silly currentTree ├─┬ is-accessor-descriptor@0.1.6
76 silly currentTree │ └── kind-of@3.2.2
76 silly currentTree ├── is-binary-path@2.1.0
76 silly currentTree ├── is-buffer@1.1.6
76 silly currentTree ├── is-ci@1.2.1
76 silly currentTree ├─┬ is-data-descriptor@0.1.4
76 silly currentTree │ └── kind-of@3.2.2
76 silly currentTree ├─┬ is-descriptor@0.1.6
76 silly currentTree │ └── kind-of@5.1.0
76 silly currentTree ├── is-extendable@0.1.1
76 silly currentTree ├── is-extglob@2.1.1
76 silly currentTree ├── is-fullwidth-code-point@2.0.0
76 silly currentTree ├── is-glob@4.0.1
76 silly currentTree ├── is-installed-globally@0.1.0
76 silly currentTree ├── is-npm@1.0.0
76 silly currentTree ├── is-number@7.0.0
76 silly currentTree ├── is-obj@1.0.1
76 silly currentTree ├── is-path-inside@1.0.1
76 silly currentTree ├── is-plain-object@2.0.4
76 silly currentTree ├── is-redirect@1.0.0
76 silly currentTree ├── is-relative@1.0.0
76 silly currentTree ├── is-retry-allowed@1.2.0
76 silly currentTree ├── is-stream@1.1.0
76 silly currentTree ├── is-typedarray@1.0.0
76 silly currentTree ├── is-unc-path@1.0.0
76 silly currentTree ├── is-windows@1.0.2
76 silly currentTree ├── isarray@1.0.0
76 silly currentTree ├── isexe@2.0.0
76 silly currentTree ├── isobject@3.0.1
76 silly currentTree ├── isstream@0.1.2
76 silly currentTree ├── jsbn@0.1.1
76 silly currentTree ├── json-schema-traverse@0.4.1
76 silly currentTree ├── json-schema@0.2.3
76 silly currentTree ├── json-stringify-safe@5.0.1
76 silly currentTree ├── jsprim@1.4.1
76 silly currentTree ├── kind-of@6.0.3
76 silly currentTree ├─┬ knex@0.20.13
76 silly currentTree │ ├── debug@4.1.1
76 silly currentTree │ ├── inherits@2.0.4
76 silly currentTree │ └── ms@2.1.2
76 silly currentTree ├── latest-version@3.1.0
76 silly currentTree ├── liftoff@3.1.0
76 silly currentTree ├── lodash@4.17.15
76 silly currentTree ├── lowercase-keys@1.0.1
76 silly currentTree ├── lru-cache@4.1.5
76 silly currentTree ├── make-dir@1.3.0
76 silly currentTree ├── make-iterator@1.0.1
76 silly currentTree ├── map-cache@0.2.2
76 silly currentTree ├── map-visit@1.0.0
76 silly currentTree ├── media-typer@0.3.0
76 silly currentTree ├── merge-descriptors@1.0.1
76 silly currentTree ├── methods@1.1.2
76 silly currentTree ├─┬ micromatch@3.1.10
76 silly currentTree │ ├─┬ braces@2.3.2
76 silly currentTree │ │ └── extend-shallow@2.0.1
76 silly currentTree │ ├─┬ fill-range@4.0.0
76 silly currentTree │ │ └── extend-shallow@2.0.1
76 silly currentTree │ ├─┬ is-number@3.0.0
76 silly currentTree │ │ └── kind-of@3.2.2
76 silly currentTree │ └── to-regex-range@2.1.1
76 silly currentTree ├── mime-db@1.43.0
76 silly currentTree ├── mime-types@2.1.26
76 silly currentTree ├── mime@1.6.0
76 silly currentTree ├── minimatch@3.0.4
76 silly currentTree ├── minimist@1.2.5
76 silly currentTree ├─┬ minipass@2.9.0
76 silly currentTree │ └── yallist@3.1.1
76 silly currentTree ├── minizlib@1.3.3
76 silly currentTree ├─┬ mixin-deep@1.3.2
76 silly currentTree │ └── is-extendable@1.0.1
76 silly currentTree ├── mkdirp@0.5.4
76 silly currentTree ├── ms@2.0.0
76 silly currentTree ├── nan@2.14.0
76 silly currentTree ├── nanomatch@1.2.13
76 silly currentTree ├─┬ needle@2.3.3
76 silly currentTree │ ├── debug@3.2.6
76 silly currentTree │ └── ms@2.1.2
76 silly currentTree ├── negotiator@0.6.2
76 silly currentTree ├─┬ node-pre-gyp@0.11.0
76 silly currentTree │ └── nopt@4.0.3
76 silly currentTree ├─┬ nodemon@2.0.2
76 silly currentTree │ ├── debug@3.2.6
76 silly currentTree │ └── ms@2.1.2
76 silly currentTree ├── nopt@1.0.10
76 silly currentTree ├── normalize-path@3.0.0
76 silly currentTree ├── npm-bundled@1.1.1
76 silly currentTree ├── npm-normalize-package-bin@1.0.1
76 silly currentTree ├── npm-packlist@1.4.8
76 silly currentTree ├── npm-run-path@2.0.2
76 silly currentTree ├── npmlog@4.1.2
76 silly currentTree ├── number-is-nan@1.0.1
76 silly currentTree ├── oauth-sign@0.9.0
76 silly currentTree ├── object-assign@4.1.1
76 silly currentTree ├─┬ object-copy@0.1.0
76 silly currentTree │ ├── define-property@0.2.5
76 silly currentTree │ └── kind-of@3.2.2
76 silly currentTree ├── object-visit@1.0.1
76 silly currentTree ├── object.defaults@1.1.0
76 silly currentTree ├── object.map@1.0.1
76 silly currentTree ├── object.pick@1.3.0
76 silly currentTree ├── on-finished@2.3.0
76 silly currentTree ├── once@1.4.0
76 silly currentTree ├── os-homedir@1.0.2
76 silly currentTree ├── os-tmpdir@1.0.2
76 silly currentTree ├── osenv@0.1.5
76 silly currentTree ├── p-finally@1.0.0
76 silly currentTree ├── package-json@4.0.1
76 silly currentTree ├── parse-filepath@1.0.2
76 silly currentTree ├── parse-passwd@1.0.0
76 silly currentTree ├── parseurl@1.3.3
76 silly currentTree ├── pascalcase@0.1.1
76 silly currentTree ├── path-is-absolute@1.0.1
76 silly currentTree ├── path-is-inside@1.0.2
76 silly currentTree ├── path-key@2.0.1
76 silly currentTree ├── path-parse@1.0.6
76 silly currentTree ├── path-root-regex@0.1.2
76 silly currentTree ├── path-root@0.1.1
76 silly currentTree ├── path-to-regexp@0.1.7
76 silly currentTree ├── performance-now@2.1.0
76 silly currentTree ├── pg-connection-string@2.1.0
76 silly currentTree ├── picomatch@2.2.2
76 silly currentTree ├── pify@3.0.0
76 silly currentTree ├── posix-character-classes@0.1.1
76 silly currentTree ├── prepend-http@1.0.4
76 silly currentTree ├── process-nextick-args@2.0.1
76 silly currentTree ├── proxy-addr@2.0.6
76 silly currentTree ├── pseudomap@1.0.2
76 silly currentTree ├── psl@1.7.0
76 silly currentTree ├── pstree.remy@1.1.7
76 silly currentTree ├── punycode@2.1.1
76 silly currentTree ├── qs@6.7.0
76 silly currentTree ├── range-parser@1.2.1
76 silly currentTree ├── raw-body@2.4.0
76 silly currentTree ├── rc@1.2.8
76 silly currentTree ├── readable-stream@2.3.7
76 silly currentTree ├── readdirp@3.3.0
76 silly currentTree ├── rechoir@0.6.2
76 silly currentTree ├── regex-not@1.0.2
76 silly currentTree ├── registry-auth-token@3.4.0
76 silly currentTree ├── registry-url@3.1.0
76 silly currentTree ├── repeat-element@1.1.3
76 silly currentTree ├── repeat-string@1.6.1
76 silly currentTree ├─┬ request@2.88.2
76 silly currentTree │ ├── qs@6.5.2
76 silly currentTree │ └── uuid@3.4.0
76 silly currentTree ├── resolve-dir@1.0.1
76 silly currentTree ├── resolve-url@0.2.1
76 silly currentTree ├── resolve@1.15.1
76 silly currentTree ├── ret@0.1.15
76 silly currentTree ├── rimraf@2.7.1
76 silly currentTree ├── safe-buffer@5.1.2
76 silly currentTree ├── safe-regex@1.1.0
76 silly currentTree ├── safer-buffer@2.1.2
76 silly currentTree ├── sax@1.2.4
76 silly currentTree ├── semver-diff@2.1.0
76 silly currentTree ├── semver@5.7.1
76 silly currentTree ├─┬ send@0.17.1
76 silly currentTree │ └── ms@2.1.1
76 silly currentTree ├── serve-static@1.14.1
76 silly currentTree ├── set-blocking@2.0.0
76 silly currentTree ├─┬ set-value@2.0.1
76 silly currentTree │ └── extend-shallow@2.0.1
76 silly currentTree ├── setprototypeof@1.1.1
76 silly currentTree ├── shebang-command@1.2.0
76 silly currentTree ├── shebang-regex@1.0.0
76 silly currentTree ├── signal-exit@3.0.2
76 silly currentTree ├─┬ snapdragon-node@2.1.1
76 silly currentTree │ ├── define-property@1.0.0
76 silly currentTree │ ├── is-accessor-descriptor@1.0.0
76 silly currentTree │ ├── is-data-descriptor@1.0.0
76 silly currentTree │ └── is-descriptor@1.0.2
76 silly currentTree ├─┬ snapdragon-util@3.0.1
76 silly currentTree │ └── kind-of@3.2.2
76 silly currentTree ├─┬ snapdragon@0.8.2
76 silly currentTree │ ├── define-property@0.2.5
76 silly currentTree │ └── extend-shallow@2.0.1
76 silly currentTree ├── source-map-resolve@0.5.3
76 silly currentTree ├── source-map-url@0.4.0
76 silly currentTree ├── source-map@0.5.7
76 silly currentTree ├── split-string@3.1.0
76 silly currentTree ├── sqlite3@4.1.1
76 silly currentTree ├── sshpk@1.16.1
76 silly currentTree ├─┬ static-extend@0.1.2
76 silly currentTree │ └── define-property@0.2.5
76 silly currentTree ├── statuses@1.5.0
76 silly currentTree ├── string_decoder@1.1.1
76 silly currentTree ├── string-width@2.1.1
76 silly currentTree ├── strip-ansi@4.0.0
76 silly currentTree ├── strip-eof@1.0.0
76 silly currentTree ├── strip-json-comments@2.0.1
76 silly currentTree ├── supports-color@5.5.0
76 silly currentTree ├─┬ tar@4.4.13
76 silly currentTree │ └── yallist@3.1.1
76 silly currentTree ├── tarn@2.0.0
76 silly currentTree ├── term-size@1.2.0
76 silly currentTree ├── tildify@2.0.0
76 silly currentTree ├── timed-out@4.0.1
76 silly currentTree ├─┬ to-object-path@0.3.0
76 silly currentTree │ └── kind-of@3.2.2
76 silly currentTree ├── to-regex-range@5.0.1
76 silly currentTree ├── to-regex@3.0.2
76 silly currentTree ├── toidentifier@1.0.0
76 silly currentTree ├── touch@3.1.0
76 silly currentTree ├── tough-cookie@2.5.0
76 silly currentTree ├── tunnel-agent@0.6.0
76 silly currentTree ├── tweetnacl@0.14.5
76 silly currentTree ├── type-is@1.6.18
76 silly currentTree ├── unc-path-regex@0.1.2
76 silly currentTree ├── undefsafe@2.0.3
76 silly currentTree ├── union-value@1.0.1
76 silly currentTree ├── unique-string@1.0.0
76 silly currentTree ├── unpipe@1.0.0
76 silly currentTree ├─┬ unset-value@1.0.0
76 silly currentTree │ ├─┬ has-value@0.3.1
76 silly currentTree │ │ └── isobject@2.1.0
76 silly currentTree │ └── has-values@0.1.4
76 silly currentTree ├── unzip-response@2.0.1
76 silly currentTree ├── update-notifier@2.5.0
76 silly currentTree ├── uri-js@4.2.2
76 silly currentTree ├── urix@0.1.0
76 silly currentTree ├── url-parse-lax@1.0.0
76 silly currentTree ├── use@3.1.1
76 silly currentTree ├── util-deprecate@1.0.2
76 silly currentTree ├── utils-merge@1.0.1
76 silly currentTree ├── uuid@7.0.2
76 silly currentTree ├── v8flags@3.1.3
76 silly currentTree ├── vary@1.1.2
76 silly currentTree ├── verror@1.10.0
76 silly currentTree ├── which@1.3.1
76 silly currentTree ├── wide-align@1.1.3
76 silly currentTree ├── widest-line@2.0.1
76 silly currentTree ├── wrappy@1.0.2
76 silly currentTree ├── write-file-atomic@2.4.3
76 silly currentTree ├── xdg-basedir@3.0.0
76 silly currentTree └── yallist@2.1.2
77 silly idealTree backend@1.0.0
77 silly idealTree ├── abbrev@1.1.1
77 silly idealTree ├── accepts@1.3.7
77 silly idealTree ├── ajv@6.12.0
77 silly idealTree ├── ansi-align@2.0.0
77 silly idealTree ├── ansi-regex@3.0.0
77 silly idealTree ├── ansi-styles@3.2.1
77 silly idealTree ├── anymatch@3.1.1
77 silly idealTree ├── aproba@1.2.0
77 silly idealTree ├── are-we-there-yet@1.1.5
77 silly idealTree ├── arr-diff@4.0.0
77 silly idealTree ├── arr-flatten@1.1.0
77 silly idealTree ├── arr-union@3.1.0
77 silly idealTree ├── array-each@1.0.1
77 silly idealTree ├── array-flatten@1.1.1
77 silly idealTree ├── array-slice@1.1.0
77 silly idealTree ├── array-unique@0.3.2
77 silly idealTree ├── asn1@0.2.4
77 silly idealTree ├── assert-plus@1.0.0
77 silly idealTree ├── assign-symbols@1.0.0
77 silly idealTree ├── asynckit@0.4.0
77 silly idealTree ├── atob@2.1.2
77 silly idealTree ├── aws-sign2@0.7.0
77 silly idealTree ├── aws4@1.9.1
77 silly idealTree ├── balanced-match@1.0.0
77 silly idealTree ├─┬ base@0.11.2
77 silly idealTree │ ├── define-property@1.0.0
77 silly idealTree │ ├── is-accessor-descriptor@1.0.0
77 silly idealTree │ ├── is-data-descriptor@1.0.0
77 silly idealTree │ └── is-descriptor@1.0.2
77 silly idealTree ├── bcrypt-pbkdf@1.0.2
77 silly idealTree ├── binary-extensions@2.0.0
77 silly idealTree ├── body-parser@1.19.0
77 silly idealTree ├── boxen@1.3.0
77 silly idealTree ├── brace-expansion@1.1.11
77 silly idealTree ├── braces@3.0.2
77 silly idealTree ├── bytes@3.1.0
77 silly idealTree ├── cache-base@1.0.1
77 silly idealTree ├── camelcase@4.1.0
77 silly idealTree ├── capture-stack-trace@1.0.1
77 silly idealTree ├── caseless@0.12.0
77 silly idealTree ├── chalk@2.4.2
77 silly idealTree ├── chokidar@3.3.1
77 silly idealTree ├── chownr@1.1.4
77 silly idealTree ├── ci-info@1.6.0
77 silly idealTree ├─┬ class-utils@0.3.6
77 silly idealTree │ └── define-property@0.2.5
77 silly idealTree ├── cli-boxes@1.0.0
77 silly idealTree ├── code-point-at@1.1.0
77 silly idealTree ├── collection-visit@1.0.0
77 silly idealTree ├── color-convert@1.9.3
77 silly idealTree ├── color-name@1.1.3
77 silly idealTree ├── colorette@1.1.0
77 silly idealTree ├── combined-stream@1.0.8
77 silly idealTree ├── commander@4.1.1
77 silly idealTree ├── component-emitter@1.3.0
77 silly idealTree ├── concat-map@0.0.1
77 silly idealTree ├── configstore@3.1.2
77 silly idealTree ├── console-control-strings@1.1.0
77 silly idealTree ├── content-disposition@0.5.3
77 silly idealTree ├── content-type@1.0.4
77 silly idealTree ├── cookie-signature@1.0.6
77 silly idealTree ├── cookie@0.4.0
77 silly idealTree ├── copy-descriptor@0.1.1
77 silly idealTree ├── core-util-is@1.0.2
77 silly idealTree ├── cors@2.8.5
77 silly idealTree ├── create-error-class@3.0.2
77 silly idealTree ├── cross-spawn@5.1.0
77 silly idealTree ├── crypto-random-string@1.0.0
77 silly idealTree ├── dashdash@1.14.1
77 silly idealTree ├── debug@2.6.9
77 silly idealTree ├── decode-uri-component@0.2.0
77 silly idealTree ├── deep-extend@0.6.0
77 silly idealTree ├─┬ define-property@2.0.2
77 silly idealTree │ ├── is-accessor-descriptor@1.0.0
77 silly idealTree │ ├── is-data-descriptor@1.0.0
77 silly idealTree │ └── is-descriptor@1.0.2
77 silly idealTree ├── delayed-stream@1.0.0
77 silly idealTree ├── delegates@1.0.0
77 silly idealTree ├── depd@1.1.2
77 silly idealTree ├── destroy@1.0.4
77 silly idealTree ├── detect-file@1.0.0
77 silly idealTree ├── detect-libc@1.0.3
77 silly idealTree ├── dot-prop@4.2.0
77 silly idealTree ├── duplexer3@0.1.4
77 silly idealTree ├── ecc-jsbn@0.1.2
77 silly idealTree ├── ee-first@1.1.1
77 silly idealTree ├── encodeurl@1.0.2
77 silly idealTree ├── escape-html@1.0.3
77 silly idealTree ├── escape-string-regexp@1.0.5
77 silly idealTree ├── esm@3.2.25
77 silly idealTree ├── etag@1.8.1
77 silly idealTree ├── execa@0.7.0
77 silly idealTree ├─┬ expand-brackets@2.1.4
77 silly idealTree │ ├── define-property@0.2.5
77 silly idealTree │ └── extend-shallow@2.0.1
77 silly idealTree ├── expand-tilde@2.0.2
77 silly idealTree ├─┬ extend-shallow@3.0.2
77 silly idealTree │ └── is-extendable@1.0.1
77 silly idealTree ├── extend@3.0.2
77 silly idealTree ├─┬ extglob@2.0.4
77 silly idealTree │ ├── define-property@1.0.0
77 silly idealTree │ ├── extend-shallow@2.0.1
77 silly idealTree │ ├── is-accessor-descriptor@1.0.0
77 silly idealTree │ ├── is-data-descriptor@1.0.0
77 silly idealTree │ └── is-descriptor@1.0.2
77 silly idealTree ├── extsprintf@1.3.0
77 silly idealTree ├── fast-deep-equal@3.1.1
77 silly idealTree ├── fast-json-stable-stringify@2.1.0
77 silly idealTree ├── fill-range@7.0.1
77 silly idealTree ├── finalhandler@1.1.2
77 silly idealTree ├── findup-sync@3.0.0
77 silly idealTree ├── fined@1.2.0
77 silly idealTree ├── flagged-respawn@1.0.1
77 silly idealTree ├── for-in@1.0.2
77 silly idealTree ├── for-own@1.0.0
77 silly idealTree ├── forever-agent@0.6.1
77 silly idealTree ├── form-data@2.3.3
77 silly idealTree ├── forwarded@0.1.2
77 silly idealTree ├── fragment-cache@0.2.1
77 silly idealTree ├── fresh@0.5.2
77 silly idealTree ├── fs-minipass@1.2.7
77 silly idealTree ├── fs.realpath@1.0.0
77 silly idealTree ├─┬ gauge@2.7.4
77 silly idealTree │ ├── ansi-regex@2.1.1
77 silly idealTree │ ├── is-fullwidth-code-point@1.0.0
77 silly idealTree │ ├── string-width@1.0.2
77 silly idealTree │ └── strip-ansi@3.0.1
77 silly idealTree ├── get-stream@3.0.0
77 silly idealTree ├── get-value@2.0.6
77 silly idealTree ├── getopts@2.2.5
77 silly idealTree ├── getpass@0.1.7
77 silly idealTree ├── glob-parent@5.1.1
77 silly idealTree ├── glob@7.1.6
77 silly idealTree ├── global-dirs@0.1.1
77 silly idealTree ├── global-modules@1.0.0
77 silly idealTree ├── global-prefix@1.0.2
77 silly idealTree ├── got@6.7.1
77 silly idealTree ├── graceful-fs@4.2.3
77 silly idealTree ├── har-schema@2.0.0
77 silly idealTree ├── har-validator@5.1.3
77 silly idealTree ├── has-flag@3.0.0
77 silly idealTree ├── has-unicode@2.0.1
77 silly idealTree ├── has-value@1.0.0
77 silly idealTree ├─┬ has-values@1.0.0
77 silly idealTree │ ├─┬ is-number@3.0.0
77 silly idealTree │ │ └── kind-of@3.2.2
77 silly idealTree │ └── kind-of@4.0.0
77 silly idealTree ├── homedir-polyfill@1.0.3
77 silly idealTree ├── http-errors@1.7.2
77 silly idealTree ├── http-signature@1.2.0
77 silly idealTree ├── iconv-lite@0.4.24
77 silly idealTree ├── ignore-by-default@1.0.1
77 silly idealTree ├── ignore-walk@3.0.3
77 silly idealTree ├── import-lazy@2.1.0
77 silly idealTree ├── imurmurhash@0.1.4
77 silly idealTree ├── inflight@1.0.6
77 silly idealTree ├── inherits@2.0.3
77 silly idealTree ├── ini@1.3.5
77 silly idealTree ├── interpret@2.0.0
77 silly idealTree ├── ipaddr.js@1.9.1
77 silly idealTree ├── is-absolute@1.0.0
77 silly idealTree ├─┬ is-accessor-descriptor@0.1.6
77 silly idealTree │ └── kind-of@3.2.2
77 silly idealTree ├── is-binary-path@2.1.0
77 silly idealTree ├── is-buffer@1.1.6
77 silly idealTree ├── is-ci@1.2.1
77 silly idealTree ├─┬ is-data-descriptor@0.1.4
77 silly idealTree │ └── kind-of@3.2.2
77 silly idealTree ├─┬ is-descriptor@0.1.6
77 silly idealTree │ └── kind-of@5.1.0
77 silly idealTree ├── is-extendable@0.1.1
77 silly idealTree ├── is-extglob@2.1.1
77 silly idealTree ├── is-fullwidth-code-point@2.0.0
77 silly idealTree ├── is-glob@4.0.1
77 silly idealTree ├── is-installed-globally@0.1.0
77 silly idealTree ├── is-npm@1.0.0
77 silly idealTree ├── is-number@7.0.0
77 silly idealTree ├── is-obj@1.0.1
77 silly idealTree ├── is-path-inside@1.0.1
77 silly idealTree ├── is-plain-object@2.0.4
77 silly idealTree ├── is-redirect@1.0.0
77 silly idealTree ├── is-relative@1.0.0
77 silly idealTree ├── is-retry-allowed@1.2.0
77 silly idealTree ├── is-stream@1.1.0
77 silly idealTree ├── is-typedarray@1.0.0
77 silly idealTree ├── is-unc-path@1.0.0
77 silly idealTree ├── is-windows@1.0.2
77 silly idealTree ├── isarray@1.0.0
77 silly idealTree ├── isexe@2.0.0
77 silly idealTree ├── isobject@3.0.1
77 silly idealTree ├── isstream@0.1.2
77 silly idealTree ├── jsbn@0.1.1
77 silly idealTree ├── json-schema-traverse@0.4.1
77 silly idealTree ├── json-schema@0.2.3
77 silly idealTree ├── json-stringify-safe@5.0.1
77 silly idealTree ├── jsprim@1.4.1
77 silly idealTree ├── kind-of@6.0.3
77 silly idealTree ├─┬ knex@0.20.13
77 silly idealTree │ ├── debug@4.1.1
77 silly idealTree │ ├── inherits@2.0.4
77 silly idealTree │ └── ms@2.1.2
77 silly idealTree ├── latest-version@3.1.0
77 silly idealTree ├── liftoff@3.1.0
77 silly idealTree ├── lodash@4.17.15
77 silly idealTree ├── lowercase-keys@1.0.1
77 silly idealTree ├── lru-cache@4.1.5
77 silly idealTree ├── make-dir@1.3.0
77 silly idealTree ├── make-iterator@1.0.1
77 silly idealTree ├── map-cache@0.2.2
77 silly idealTree ├── map-visit@1.0.0
77 silly idealTree ├── media-typer@0.3.0
77 silly idealTree ├── merge-descriptors@1.0.1
77 silly idealTree ├── methods@1.1.2
77 silly idealTree ├─┬ micromatch@3.1.10
77 silly idealTree │ ├─┬ braces@2.3.2
77 silly idealTree │ │ └── extend-shallow@2.0.1
77 silly idealTree │ ├─┬ fill-range@4.0.0
77 silly idealTree │ │ └── extend-shallow@2.0.1
77 silly idealTree │ ├─┬ is-number@3.0.0
77 silly idealTree │ │ └── kind-of@3.2.2
77 silly idealTree │ └── to-regex-range@2.1.1
77 silly idealTree ├── mime-db@1.43.0
77 silly idealTree ├── mime-types@2.1.26
77 silly idealTree ├── mime@1.6.0
77 silly idealTree ├── minimatch@3.0.4
77 silly idealTree ├── minimist@1.2.5
77 silly idealTree ├─┬ minipass@2.9.0
77 silly idealTree │ └── yallist@3.1.1
77 silly idealTree ├── minizlib@1.3.3
77 silly idealTree ├─┬ mixin-deep@1.3.2
77 silly idealTree │ └── is-extendable@1.0.1
77 silly idealTree ├── mkdirp@0.5.4
77 silly idealTree ├── ms@2.0.0
77 silly idealTree ├── nan@2.14.0
77 silly idealTree ├── nanomatch@1.2.13
77 silly idealTree ├─┬ needle@2.3.3
77 silly idealTree │ ├── debug@3.2.6
77 silly idealTree │ └── ms@2.1.2
77 silly idealTree ├── negotiator@0.6.2
77 silly idealTree ├─┬ node-pre-gyp@0.11.0
77 silly idealTree │ └── nopt@4.0.3
77 silly idealTree ├─┬ nodemon@2.0.2
77 silly idealTree │ ├── debug@3.2.6
77 silly idealTree │ └── ms@2.1.2
77 silly idealTree ├── nopt@1.0.10
77 silly idealTree ├── normalize-path@3.0.0
77 silly idealTree ├── npm-bundled@1.1.1
77 silly idealTree ├── npm-normalize-package-bin@1.0.1
77 silly idealTree ├── npm-packlist@1.4.8
77 silly idealTree ├── npm-run-path@2.0.2
77 silly idealTree ├── npmlog@4.1.2
77 silly idealTree ├── number-is-nan@1.0.1
77 silly idealTree ├── oauth-sign@0.9.0
77 silly idealTree ├── object-assign@4.1.1
77 silly idealTree ├─┬ object-copy@0.1.0
77 silly idealTree │ ├── define-property@0.2.5
77 silly idealTree │ └── kind-of@3.2.2
77 silly idealTree ├── object-visit@1.0.1
77 silly idealTree ├── object.defaults@1.1.0
77 silly idealTree ├── object.map@1.0.1
77 silly idealTree ├── object.pick@1.3.0
77 silly idealTree ├── on-finished@2.3.0
77 silly idealTree ├── once@1.4.0
77 silly idealTree ├── os-homedir@1.0.2
77 silly idealTree ├── os-tmpdir@1.0.2
77 silly idealTree ├── osenv@0.1.5
77 silly idealTree ├── p-finally@1.0.0
77 silly idealTree ├── package-json@4.0.1
77 silly idealTree ├── parse-filepath@1.0.2
77 silly idealTree ├── parse-passwd@1.0.0
77 silly idealTree ├── parseurl@1.3.3
77 silly idealTree ├── pascalcase@0.1.1
77 silly idealTree ├── path-is-absolute@1.0.1
77 silly idealTree ├── path-is-inside@1.0.2
77 silly idealTree ├── path-key@2.0.1
77 silly idealTree ├── path-parse@1.0.6
77 silly idealTree ├── path-root-regex@0.1.2
77 silly idealTree ├── path-root@0.1.1
77 silly idealTree ├── path-to-regexp@0.1.7
77 silly idealTree ├── performance-now@2.1.0
77 silly idealTree ├── pg-connection-string@2.1.0
77 silly idealTree ├── picomatch@2.2.2
77 silly idealTree ├── pify@3.0.0
77 silly idealTree ├── posix-character-classes@0.1.1
77 silly idealTree ├── prepend-http@1.0.4
77 silly idealTree ├── process-nextick-args@2.0.1
77 silly idealTree ├── proxy-addr@2.0.6
77 silly idealTree ├── pseudomap@1.0.2
77 silly idealTree ├── psl@1.7.0
77 silly idealTree ├── pstree.remy@1.1.7
77 silly idealTree ├── punycode@2.1.1
77 silly idealTree ├── qs@6.7.0
77 silly idealTree ├── range-parser@1.2.1
77 silly idealTree ├── raw-body@2.4.0
77 silly idealTree ├── rc@1.2.8
77 silly idealTree ├── readable-stream@2.3.7
77 silly idealTree ├── readdirp@3.3.0
77 silly idealTree ├── rechoir@0.6.2
77 silly idealTree ├── regex-not@1.0.2
77 silly idealTree ├── registry-auth-token@3.4.0
77 silly idealTree ├── registry-url@3.1.0
77 silly idealTree ├── repeat-element@1.1.3
77 silly idealTree ├── repeat-string@1.6.1
77 silly idealTree ├─┬ request@2.88.2
77 silly idealTree │ ├── qs@6.5.2
77 silly idealTree │ └── uuid@3.4.0
77 silly idealTree ├── resolve-dir@1.0.1
77 silly idealTree ├── resolve-url@0.2.1
77 silly idealTree ├── resolve@1.15.1
77 silly idealTree ├── ret@0.1.15
77 silly idealTree ├── rimraf@2.7.1
77 silly idealTree ├── safe-buffer@5.1.2
77 silly idealTree ├── safe-regex@1.1.0
77 silly idealTree ├── safer-buffer@2.1.2
77 silly idealTree ├── sax@1.2.4
77 silly idealTree ├── semver-diff@2.1.0
77 silly idealTree ├── semver@5.7.1
77 silly idealTree ├─┬ send@0.17.1
77 silly idealTree │ └── ms@2.1.1
77 silly idealTree ├── serve-static@1.14.1
77 silly idealTree ├── set-blocking@2.0.0
77 silly idealTree ├─┬ set-value@2.0.1
77 silly idealTree │ └── extend-shallow@2.0.1
77 silly idealTree ├── setprototypeof@1.1.1
77 silly idealTree ├── shebang-command@1.2.0
77 silly idealTree ├── shebang-regex@1.0.0
77 silly idealTree ├── signal-exit@3.0.2
77 silly idealTree ├─┬ snapdragon-node@2.1.1
77 silly idealTree │ ├── define-property@1.0.0
77 silly idealTree │ ├── is-accessor-descriptor@1.0.0
77 silly idealTree │ ├── is-data-descriptor@1.0.0
77 silly idealTree │ └── is-descriptor@1.0.2
77 silly idealTree ├─┬ snapdragon-util@3.0.1
77 silly idealTree │ └── kind-of@3.2.2
77 silly idealTree ├─┬ snapdragon@0.8.2
77 silly idealTree │ ├── define-property@0.2.5
77 silly idealTree │ └── extend-shallow@2.0.1
77 silly idealTree ├── source-map-resolve@0.5.3
77 silly idealTree ├── source-map-url@0.4.0
77 silly idealTree ├── source-map@0.5.7
77 silly idealTree ├── split-string@3.1.0
77 silly idealTree ├── sqlite3@4.1.1
77 silly idealTree ├── sshpk@1.16.1
77 silly idealTree ├─┬ static-extend@0.1.2
77 silly idealTree │ └── define-property@0.2.5
77 silly idealTree ├── statuses@1.5.0
77 silly idealTree ├── string_decoder@1.1.1
77 silly idealTree ├── string-width@2.1.1
77 silly idealTree ├── strip-ansi@4.0.0
77 silly idealTree ├── strip-eof@1.0.0
77 silly idealTree ├── strip-json-comments@2.0.1
77 silly idealTree ├── supports-color@5.5.0
77 silly idealTree ├─┬ tar@4.4.13
77 silly idealTree │ └── yallist@3.1.1
77 silly idealTree ├── tarn@2.0.0
77 silly idealTree ├── term-size@1.2.0
77 silly idealTree ├── tildify@2.0.0
77 silly idealTree ├── timed-out@4.0.1
77 silly idealTree ├─┬ to-object-path@0.3.0
77 silly idealTree │ └── kind-of@3.2.2
77 silly idealTree ├── to-regex-range@5.0.1
77 silly idealTree ├── to-regex@3.0.2
77 silly idealTree ├── toidentifier@1.0.0
77 silly idealTree ├── touch@3.1.0
77 silly idealTree ├── tough-cookie@2.5.0
77 silly idealTree ├── tunnel-agent@0.6.0
77 silly idealTree ├── tweetnacl@0.14.5
77 silly idealTree ├── type-is@1.6.18
77 silly idealTree ├── unc-path-regex@0.1.2
77 silly idealTree ├── undefsafe@2.0.3
77 silly idealTree ├── union-value@1.0.1
77 silly idealTree ├── unique-string@1.0.0
77 silly idealTree ├── unpipe@1.0.0
77 silly idealTree ├─┬ unset-value@1.0.0
77 silly idealTree │ ├─┬ has-value@0.3.1
77 silly idealTree │ │ └── isobject@2.1.0
77 silly idealTree │ └── has-values@0.1.4
77 silly idealTree ├── unzip-response@2.0.1
77 silly idealTree ├── update-notifier@2.5.0
77 silly idealTree ├── uri-js@4.2.2
77 silly idealTree ├── urix@0.1.0
77 silly idealTree ├── url-parse-lax@1.0.0
77 silly idealTree ├── use@3.1.1
77 silly idealTree ├── util-deprecate@1.0.2
77 silly idealTree ├── utils-merge@1.0.1
77 silly idealTree ├── uuid@7.0.2
77 silly idealTree ├── v8flags@3.1.3
77 silly idealTree ├── vary@1.1.2
77 silly idealTree ├── verror@1.10.0
77 silly idealTree ├── which@1.3.1
77 silly idealTree ├── wide-align@1.1.3
77 silly idealTree ├── widest-line@2.0.1
77 silly idealTree ├── wrappy@1.0.2
77 silly idealTree ├── write-file-atomic@2.4.3
77 silly idealTree ├── xdg-basedir@3.0.0
77 silly idealTree └── yallist@2.1.2
78 silly generateActionsToTake Starting
79 silly install generateActionsToTake
80 silly generateActionsToTake Finishing
81 silly diffTrees action count 3
82 silly diffTrees add cors@2.8.5
83 silly diffTrees update knex@0.20.13
84 silly diffTrees update sqlite3@4.1.1
85 silly decomposeActions action count 24
86 silly decomposeActions fetch cors@2.8.5
87 silly decomposeActions extract cors@2.8.5
88 silly decomposeActions test cors@2.8.5
89 silly decomposeActions preinstall cors@2.8.5
90 silly decomposeActions build cors@2.8.5
91 silly decomposeActions install cors@2.8.5
92 silly decomposeActions postinstall cors@2.8.5
93 silly decomposeActions finalize cors@2.8.5
94 silly decomposeActions fetch knex@0.20.13
95 silly decomposeActions extract knex@0.20.13
96 silly decomposeActions test knex@0.20.13
97 silly decomposeActions preinstall knex@0.20.13
98 silly decomposeActions build knex@0.20.13
99 silly decomposeActions install knex@0.20.13
100 silly decomposeActions postinstall knex@0.20.13
101 silly decomposeActions finalize knex@0.20.13
102 silly decomposeActions fetch sqlite3@4.1.1
103 silly decomposeActions extract sqlite3@4.1.1
104 silly decomposeActions test sqlite3@4.1.1
105 silly decomposeActions preinstall sqlite3@4.1.1
106 silly decomposeActions build sqlite3@4.1.1
107 silly decomposeActions install sqlite3@4.1.1
108 silly decomposeActions postinstall sqlite3@4.1.1
109 silly decomposeActions finalize sqlite3@4.1.1
110 silly executeActions Starting
111 silly install executeActions
112 silly doSerial global-install 0
113 silly doParallel fetch 3
114 verbose lock using /home/marcelocf/.npm/_locks/staging-efba044871797adb.lock for /mnt/c/Users/Marcelo/Documents/Programação/Semana-OmniStack/backend/node_modules/.staging
115 silly doParallel extract 3
116 silly extract cors@2.8.5
117 silly extract knex@0.20.13
118 silly extract sqlite3@4.1.1
119 verbose unbuild node_modules/.staging/cors-554df415
120 verbose unbuild node_modules/.staging/sqlite3-0c4e4e49
121 verbose unbuild node_modules/.staging/knex-55cbc7ce
122 silly gentlyRm /mnt/c/Users/Marcelo/Documents/Programação/Semana-OmniStack/backend/node_modules/.staging/sqlite3-0c4e4e49 is being purged from base /mnt/c/Users/Marcelo/Documents/Programação/Semana-OmniStack/backend
123 verbose gentlyRm don't care about contents; nuking /mnt/c/Users/Marcelo/Documents/Programação/Semana-OmniStack/backend/node_modules/.staging/sqlite3-0c4e4e49
124 silly gentlyRm /mnt/c/Users/Marcelo/Documents/Programação/Semana-OmniStack/backend/node_modules/.staging/cors-554df415 is being purged from base /mnt/c/Users/Marcelo/Documents/Programação/Semana-OmniStack/backend
125 verbose gentlyRm don't care about contents; nuking /mnt/c/Users/Marcelo/Documents/Programação/Semana-OmniStack/backend/node_modules/.staging/cors-554df415
126 verbose tar unpack /home/marcelocf/.npm/sqlite3/4.1.1/package.tgz
127 verbose tar unpacking to /mnt/c/Users/Marcelo/Documents/Programação/Semana-OmniStack/backend/node_modules/.staging/sqlite3-0c4e4e49
128 silly gentlyRm /mnt/c/Users/Marcelo/Documents/Programação/Semana-OmniStack/backend/node_modules/.staging/sqlite3-0c4e4e49 is being purged
129 verbose gentlyRm don't care about contents; nuking /mnt/c/Users/Marcelo/Documents/Programação/Semana-OmniStack/backend/node_modules/.staging/sqlite3-0c4e4e49
130 verbose tar unpack /home/marcelocf/.npm/cors/2.8.5/package.tgz
131 verbose tar unpacking to /mnt/c/Users/Marcelo/Documents/Programação/Semana-OmniStack/backend/node_modules/.staging/cors-554df415
132 silly gentlyRm /mnt/c/Users/Marcelo/Documents/Programação/Semana-OmniStack/backend/node_modules/.staging/cors-554df415 is being purged
133 verbose gentlyRm don't care about contents; nuking /mnt/c/Users/Marcelo/Documents/Programação/Semana-OmniStack/backend/node_modules/.staging/cors-554df415
134 silly gentlyRm /mnt/c/Users/Marcelo/Documents/Programação/Semana-OmniStack/backend/node_modules/.staging/knex-55cbc7ce is being purged from base /mnt/c/Users/Marcelo/Documents/Programação/Semana-OmniStack/backend
135 verbose gentlyRm don't care about contents; nuking /mnt/c/Users/Marcelo/Documents/Programação/Semana-OmniStack/backend/node_modules/.staging/knex-55cbc7ce
136 silly gunzTarPerm modes [ '777', '666' ]
137 silly gunzTarPerm modes [ '777', '666' ]
138 verbose tar unpack /home/marcelocf/.npm/knex/0.20.13/package.tgz
139 verbose tar unpacking to /mnt/c/Users/Marcelo/Documents/Programação/Semana-OmniStack/backend/node_modules/.staging/knex-55cbc7ce
140 silly gentlyRm /mnt/c/Users/Marcelo/Documents/Programação/Semana-OmniStack/backend/node_modules/.staging/knex-55cbc7ce is being purged
141 verbose gentlyRm don't care about contents; nuking /mnt/c/Users/Marcelo/Documents/Programação/Semana-OmniStack/backend/node_modules/.staging/knex-55cbc7ce
142 silly gunzTarPerm modes [ '777', '666' ]
143 silly gunzTarPerm extractEntry
144 silly gunzTarPerm modified mode [ '', 493, 511 ]
145 silly gunzTarPerm extractEntry package.json
146 silly gunzTarPerm modified mode [ 'package.json', 420, 438 ]
147 silly gunzTarPerm extractEntry LICENSE
148 silly gunzTarPerm extractEntry CONTRIBUTING.md
149 silly gunzTarPerm modified mode [ 'CONTRIBUTING.md', 420, 438 ]
150 silly gunzTarPerm extractEntry HISTORY.md
151 silly gunzTarPerm modified mode [ 'HISTORY.md', 420, 438 ]
152 silly gunzTarPerm extractEntry lib/util/batchInsert.js
153 silly gunzTarPerm extractEntry scripts/build.js
154 silly gunzTarPerm extractEntry .dockerignore
155 silly gunzTarPerm modified mode [ '.dockerignore', 420, 438 ]
156 silly gunzTarPerm extractEntry CHANGELOG.md
157 silly gunzTarPerm modified mode [ 'CHANGELOG.md', 420, 438 ]
158 silly gunzTarPerm extractEntry CONTRIBUTING.md
159 silly gunzTarPerm modified mode [ 'CONTRIBUTING.md', 420, 438 ]
160 silly gunzTarPerm extractEntry Dockerfile
161 silly gunzTarPerm modified mode [ 'Dockerfile', 493, 511 ]
162 silly gunzTarPerm extractEntry LICENSE
163 silly gunzTarPerm modified mode [ 'LICENSE', 420, 438 ]
164 silly gunzTarPerm extractEntry LICENSE
165 silly gunzTarPerm modified mode [ 'LICENSE', 420, 438 ]
166 silly gunzTarPerm extractEntry README.md
167 silly gunzTarPerm modified mode [ 'README.md', 420, 438 ]
168 silly gunzTarPerm extractEntry README.md
169 silly gunzTarPerm modified mode [ 'README.md', 420, 438 ]
170 silly gunzTarPerm extractEntry binding.gyp
171 silly gunzTarPerm modified mode [ 'binding.gyp', 420, 438 ]
172 silly gunzTarPerm extractEntry cloudformation
173 silly gunzTarPerm modified mode [ 'cloudformation', 493, 511 ]
174 silly gunzTarPerm extractEntry deps
175 silly gunzTarPerm modified mode [ 'deps', 493, 511 ]
176 silly gunzTarPerm extractEntry lib
177 silly gunzTarPerm modified mode [ 'lib', 493, 511 ]
178 silly gunzTarPerm extractEntry package.json
179 silly gunzTarPerm modified mode [ 'package.json', 420, 438 ]
180 silly gunzTarPerm extractEntry lib/index.js
181 silly gunzTarPerm modified mode [ 'lib/index.js', 420, 438 ]
182 silly gunzTarPerm extractEntry lib/query/builder.js
183 silly gunzTarPerm extractEntry lib/schema/builder.js
184 silly gunzTarPerm extractEntry sqlite3.js
185 silly gunzTarPerm modified mode [ 'sqlite3.js', 420, 438 ]
186 silly gunzTarPerm extractEntry src
187 silly gunzTarPerm modified mode [ 'src', 493, 511 ]
188 silly gunzTarPerm extractEntry bin/utils/cli-config-utils.js
189 silly gunzTarPerm extractEntry bin/cli.js
190 silly gunzTarPerm extractEntry tools
191 silly gunzTarPerm modified mode [ 'tools', 493, 511 ]
192 silly gunzTarPerm extractEntry deps/common-sqlite.gypi
193 silly gunzTarPerm modified mode [ 'deps/common-sqlite.gypi', 420, 438 ]
194 silly gunzTarPerm extractEntry lib/client.js
195 silly gunzTarPerm extractEntry lib/dialects/oracle/schema/columnbuilder.js
196 silly gunzTarPerm extractEntry lib/dialects/redshift/schema/columnbuilder.js
197 silly gunzTarPerm extractEntry lib/schema/columnbuilder.js
198 silly gunzTarPerm extractEntry deps/extract.py
199 silly gunzTarPerm modified mode [ 'deps/extract.py', 420, 438 ]
200 silly gunzTarPerm extractEntry deps/sqlite-autoconf-3300100.tar.gz
201 silly gunzTarPerm modified mode [ 'deps/sqlite-autoconf-3300100.tar.gz', 420, 438 ]
202 silly gunzTarPerm extractEntry lib/dialects/mssql/schema/columncompiler.js
203 silly gunzTarPerm extractEntry lib/dialects/mysql/schema/columncompiler.js
204 silly gunzTarPerm extractEntry lib/dialects/oracle/schema/columncompiler.js
205 silly gentlyRm /mnt/c/Users/Marcelo/Documents/Programação/Semana-OmniStack/backend/node_modules/.staging/cors-554df415/node_modules is being purged
206 verbose gentlyRm don't care about contents; nuking /mnt/c/Users/Marcelo/Documents/Programação/Semana-OmniStack/backend/node_modules/.staging/cors-554df415/node_modules
207 silly gunzTarPerm extractEntry lib/dialects/oracledb/schema/columncompiler.js
208 silly gunzTarPerm extractEntry lib/dialects/postgres/schema/columncompiler.js
209 silly gunzTarPerm extractEntry lib/dialects/redshift/schema/columncompiler.js
210 silly gunzTarPerm extractEntry lib/dialects/sqlite3/schema/columncompiler.js
211 silly gunzTarPerm extractEntry lib/schema/columncompiler.js
212 silly gunzTarPerm extractEntry lib/dialects/mssql/query/compiler.js
213 silly gunzTarPerm extractEntry lib/dialects/mssql/schema/compiler.js
214 silly gunzTarPerm extractEntry lib/dialects/mysql/query/compiler.js
215 silly gunzTarPerm extractEntry lib/dialects/mysql/schema/compiler.js
216 silly gunzTarPerm extractEntry lib/dialects/oracle/query/compiler.js
217 silly gunzTarPerm extractEntry lib/dialects/oracle/schema/compiler.js
218 silly gunzTarPerm extractEntry lib/dialects/oracledb/query/compiler.js
219 silly gunzTarPerm extractEntry lib/dialects/postgres/query/compiler.js
220 silly gunzTarPerm extractEntry lib/dialects/postgres/schema/compiler.js
221 silly gunzTarPerm extractEntry lib/dialects/redshift/query/compiler.js
222 silly gunzTarPerm extractEntry lib/dialects/redshift/schema/compiler.js
223 silly gunzTarPerm extractEntry lib/dialects/sqlite3/query/compiler.js
224 silly gunzTarPerm extractEntry lib/dialects/sqlite3/schema/compiler.js
225 silly gunzTarPerm extractEntry lib/query/compiler.js
226 silly gunzTarPerm extractEntry lib/schema/compiler.js
227 silly gunzTarPerm extractEntry deps/sqlite3.gyp
228 silly gunzTarPerm modified mode [ 'deps/sqlite3.gyp', 493, 511 ]
229 silly gunzTarPerm extractEntry lib/index.js
230 silly gunzTarPerm modified mode [ 'lib/index.js', 420, 438 ]
231 silly gunzTarPerm extractEntry lib/sqlite3.js
232 silly gunzTarPerm modified mode [ 'lib/sqlite3.js', 420, 438 ]
233 silly gunzTarPerm extractEntry lib/trace.js
234 silly gunzTarPerm modified mode [ 'lib/trace.js', 420, 438 ]
235 silly gunzTarPerm extractEntry src/async.h
236 silly gunzTarPerm modified mode [ 'src/async.h', 420, 438 ]
237 silly gunzTarPerm extractEntry src/backup.cc
238 silly gunzTarPerm modified mode [ 'src/backup.cc', 420, 438 ]
239 silly gunzTarPerm extractEntry lib/migrate/configuration-merger.js
240 silly gunzTarPerm extractEntry bin/utils/constants.js
241 silly gunzTarPerm extractEntry src/backup.h
242 silly gunzTarPerm modified mode [ 'src/backup.h', 420, 438 ]
243 silly gunzTarPerm extractEntry src/database.cc
244 silly gunzTarPerm modified mode [ 'src/database.cc', 420, 438 ]
245 silly gunzTarPerm extractEntry src/database.h
246 silly gunzTarPerm modified mode [ 'src/database.h', 420, 438 ]
247 silly gunzTarPerm extractEntry src/gcc-preinclude.h
248 silly gunzTarPerm modified mode [ 'src/gcc-preinclude.h', 420, 438 ]
249 silly gunzTarPerm extractEntry lib/constants.js
250 silly gunzTarPerm extractEntry lib/query/constants.js
251 silly gunzTarPerm extractEntry src/macros.h
252 silly gunzTarPerm modified mode [ 'src/macros.h', 420, 438 ]
253 silly gunzTarPerm extractEntry src/node_sqlite3.cc
254 silly gunzTarPerm modified mode [ 'src/node_sqlite3.cc', 420, 438 ]
255 silly gunzTarPerm extractEntry src/statement.cc
256 silly gunzTarPerm modified mode [ 'src/statement.cc', 420, 438 ]
257 silly gunzTarPerm extractEntry src/statement.h
258 silly gunzTarPerm modified mode [ 'src/statement.h', 420, 438 ]
259 silly gunzTarPerm extractEntry src/threading.h
260 silly gunzTarPerm modified mode [ 'src/threading.h', 420, 438 ]
261 silly gunzTarPerm extractEntry tools/docker
262 silly gunzTarPerm modified mode [ 'tools/docker', 493, 511 ]
263 silly gunzTarPerm extractEntry tools/docker/architecture
264 silly gunzTarPerm modified mode [ 'tools/docker/architecture', 493, 511 ]
265 silly gunzTarPerm extractEntry lib/dialects/sqlite3/schema/ddl.js
266 silly gunzTarPerm extractEntry lib/util/delay.js
267 silly gunzTarPerm extractEntry tools/docker/architecture/linux-arm
268 silly gunzTarPerm modified mode [ 'tools/docker/architecture/linux-arm', 493, 511 ]
269 silly gunzTarPerm extractEntry tools/docker/architecture/linux-arm64
270 silly gunzTarPerm modified mode [ 'tools/docker/architecture/linux-arm64', 493, 511 ]
271 silly gunzTarPerm extractEntry tools/docker/architecture/linux-arm/Dockerfile
272 silly gunzTarPerm modified mode [ 'tools/docker/architecture/linux-arm/Dockerfile', 493, 511 ]
273 silly gunzTarPerm extractEntry tools/docker/architecture/linux-arm/run.sh
274 silly gunzTarPerm modified mode [ 'tools/docker/architecture/linux-arm/run.sh', 493, 511 ]
275 silly gunzTarPerm extractEntry tools/docker/architecture/linux-arm64/Dockerfile
276 silly gunzTarPerm modified mode [ 'tools/docker/architecture/linux-arm64/Dockerfile', 493, 511 ]
277 silly gunzTarPerm extractEntry tools/docker/architecture/linux-arm64/run.sh
278 silly gunzTarPerm modified mode [ 'tools/docker/architecture/linux-arm64/run.sh', 493, 511 ]
279 silly gunzTarPerm extractEntry lib/util/fake-client.js
280 silly gunzTarPerm extractEntry lib/util/finally-mixin.js
281 silly gunzTarPerm extractEntry lib/dialects/oracle/formatter.js
282 silly gunzTarPerm extractEntry lib/dialects/sqlite3/formatter.js
283 silly gunzTarPerm extractEntry lib/formatter.js
284 silly gunzTarPerm extractEntry lib/migrate/sources/fs-migrations.js
285 silly gunzTarPerm extractEntry lib/functionhelper.js
286 silly gunzTarPerm extractEntry lib/helpers.js
287 silly gunzTarPerm extractEntry lib/schema/helpers.js
288 silly gunzTarPerm extractEntry lib/dialects/mssql/index.js
289 silly gunzTarPerm extractEntry lib/dialects/mysql/index.js
290 silly gunzTarPerm extractEntry lib/dialects/mysql2/index.js
291 silly gunzTarPerm extractEntry lib/dialects/oracle/index.js
292 silly gunzTarPerm extractEntry lib/dialects/oracledb/index.js
293 silly gunzTarPerm extractEntry lib/dialects/postgres/index.js
294 silly gunzTarPerm extractEntry lib/dialects/redshift/index.js
295 silly gunzTarPerm extractEntry lib/dialects/sqlite3/index.js
296 silly gunzTarPerm extractEntry lib/index.js
297 silly gunzTarPerm extractEntry lib/interface.js
298 silly gunzTarPerm extractEntry lib/query/joinclause.js
299 silly gunzTarPerm extractEntry scripts/stress-test/knex-stress-test.js
300 silly gunzTarPerm extractEntry knex.js
301 silly gunzTarPerm extractEntry lib/knex.js
302 silly gunzTarPerm extractEntry lib/logger.js
303 silly gunzTarPerm extractEntry lib/util/make-knex.js
304 silly gunzTarPerm extractEntry lib/query/methods.js
305 silly gunzTarPerm extractEntry lib/migrate/migrate-stub.js
306 silly gunzTarPerm extractEntry lib/migrate/migration-list-resolver.js
307 silly gunzTarPerm extractEntry lib/migrate/MigrationGenerator.js
308 silly gunzTarPerm extractEntry bin/utils/migrationsLister.js
309 silly gunzTarPerm extractEntry lib/migrate/Migrator.js
310 silly gunzTarPerm extractEntry scripts/stress-test/mysql2-random-hanging-every-now-and-then.js
311 silly gunzTarPerm extractEntry scripts/stress-test/mysql2-sudden-exit-without-error.js
312 silly gunzTarPerm extractEntry lib/util/noop.js
313 silly gunzTarPerm extractEntry lib/util/parse-connection.js
314 silly gunzTarPerm extractEntry lib/raw.js
315 silly gunzTarPerm extractEntry scripts/stress-test/reconnect-test-mysql-based-drivers.js
316 silly gunzTarPerm extractEntry lib/ref.js
317 silly gunzTarPerm extractEntry scripts/runkit-example.js
318 silly gunzTarPerm extractEntry lib/runner.js
319 silly gunzTarPerm extractEntry lib/util/save-async-stack.js
320 silly gunzTarPerm extractEntry lib/seed/seed-stub.js
321 silly gunzTarPerm extractEntry lib/seed/Seeder.js
322 silly gunzTarPerm extractEntry lib/query/string.js
323 silly gunzTarPerm extractEntry lib/migrate/table-creator.js
324 silly gunzTarPerm extractEntry lib/migrate/table-resolver.js
325 silly gunzTarPerm extractEntry lib/schema/tablebuilder.js
326 silly gunzTarPerm extractEntry lib/dialects/mssql/schema/tablecompiler.js
327 silly gunzTarPerm extractEntry lib/dialects/mysql/schema/tablecompiler.js
328 silly gunzTarPerm extractEntry lib/dialects/oracle/schema/tablecompiler.js
329 silly gunzTarPerm extractEntry lib/dialects/postgres/schema/tablecompiler.js
330 silly gunzTarPerm extractEntry lib/dialects/redshift/schema/tablecompiler.js
331 silly gunzTarPerm extractEntry lib/dialects/sqlite3/schema/tablecompiler.js
332 silly gunzTarPerm extractEntry lib/schema/tablecompiler.js
333 silly gunzTarPerm extractEntry lib/util/template.js
334 silly gunzTarPerm extractEntry lib/util/timeout.js
335 silly gunzTarPerm extractEntry lib/dialects/mssql/transaction.js
336 silly gunzTarPerm extractEntry lib/dialects/mysql/transaction.js
337 silly gunzTarPerm extractEntry lib/dialects/mysql2/transaction.js
338 silly gunzTarPerm extractEntry lib/dialects/oracledb/transaction.js
339 silly gunzTarPerm extractEntry lib/dialects/redshift/transaction.js
340 silly gunzTarPerm extractEntry lib/transaction.js
341 silly gunzTarPerm extractEntry lib/dialects/oracle/schema/trigger.js
342 silly gunzTarPerm extractEntry lib/dialects/oracle/utils.js
343 silly gunzTarPerm extractEntry lib/dialects/oracledb/utils.js
344 silly gunzTarPerm extractEntry package.json
345 silly gunzTarPerm extractEntry CHANGELOG.md
346 silly gunzTarPerm extractEntry CONTRIBUTING.md
347 silly gunzTarPerm extractEntry lib/dialects/oracle/DEAD_CODE.md
348 silly gunzTarPerm extractEntry scripts/next-release-howto.md
349 silly gunzTarPerm extractEntry README.md
350 silly gunzTarPerm extractEntry scripts/release.sh
351 silly gunzTarPerm extractEntry lib/migrate/stub/coffee.stub
352 silly gunzTarPerm extractEntry lib/seed/stub/coffee.stub
353 silly gunzTarPerm extractEntry lib/migrate/stub/eg.stub
354 silly gunzTarPerm extractEntry lib/seed/stub/eg.stub
355 silly gentlyRm /mnt/c/Users/Marcelo/Documents/Programação/Semana-OmniStack/backend/node_modules/.staging/sqlite3-0c4e4e49/node_modules is being purged
356 verbose gentlyRm don't care about contents; nuking /mnt/c/Users/Marcelo/Documents/Programação/Semana-OmniStack/backend/node_modules/.staging/sqlite3-0c4e4e49/node_modules
357 silly gunzTarPerm extractEntry lib/migrate/stub/js.stub
358 silly gunzTarPerm extractEntry lib/seed/stub/js.stub
359 silly gunzTarPerm extractEntry lib/migrate/stub/knexfile-coffee.stub
360 silly gunzTarPerm extractEntry lib/migrate/stub/knexfile-eg.stub
361 silly gunzTarPerm extractEntry lib/migrate/stub/knexfile-js.stub
362 silly gunzTarPerm extractEntry lib/migrate/stub/knexfile-ls.stub
363 silly gunzTarPerm extractEntry lib/migrate/stub/knexfile-ts.stub
364 silly gunzTarPerm extractEntry lib/migrate/stub/ls.stub
365 silly gunzTarPerm extractEntry lib/seed/stub/ls.stub
366 silly gunzTarPerm extractEntry lib/migrate/stub/ts.stub
367 silly gunzTarPerm extractEntry lib/seed/stub/ts.stub
368 silly gunzTarPerm extractEntry types/index.d.ts
369 silly gunzTarPerm extractEntry types/result.d.ts
370 silly gunzTarPerm extractEntry scripts/stress-test/README.txt
371 silly gunzTarPerm extractEntry scripts/docker-compose.yml
372 silly gunzTarPerm extractEntry scripts/stress-test/docker-compose.yml
373 silly gentlyRm /mnt/c/Users/Marcelo/Documents/Programação/Semana-OmniStack/backend/node_modules/.staging/knex-55cbc7ce/node_modules is being purged
374 verbose gentlyRm don't care about contents; nuking /mnt/c/Users/Marcelo/Documents/Programação/Semana-OmniStack/backend/node_modules/.staging/knex-55cbc7ce/node_modules
375 silly doParallel preinstall 3
376 silly preinstall cors@2.8.5 /mnt/c/Users/Marcelo/Documents/Programação/Semana-OmniStack/backend/node_modules/.staging/cors-554df415
377 info lifecycle cors@2.8.5~preinstall: cors@2.8.5
378 silly preinstall knex@0.20.13 /mnt/c/Users/Marcelo/Documents/Programação/Semana-OmniStack/backend/node_modules/.staging/knex-55cbc7ce
379 info lifecycle knex@0.20.13~preinstall: knex@0.20.13
380 silly preinstall sqlite3@4.1.1 /mnt/c/Users/Marcelo/Documents/Programação/Semana-OmniStack/backend/node_modules/.staging/sqlite3-0c4e4e49
381 info lifecycle sqlite3@4.1.1~preinstall: sqlite3@4.1.1
382 silly lifecycle cors@2.8.5~preinstall: no script for preinstall, continuing
383 silly lifecycle knex@0.20.13~preinstall: no script for preinstall, continuing
384 silly lifecycle sqlite3@4.1.1~preinstall: no script for preinstall, continuing
385 silly doReverseSerial remove 0
386 silly doSerial move 0
387 silly doSerial finalize 3
388 silly finalize /mnt/c/Users/Marcelo/Documents/Programação/Semana-OmniStack/backend/node_modules/cors
389 silly finalize /mnt/c/Users/Marcelo/Documents/Programação/Semana-OmniStack/backend/node_modules/knex
390 verbose unlock done using /home/marcelocf/.npm/_locks/staging-efba044871797adb.lock for /mnt/c/Users/Marcelo/Documents/Programação/Semana-OmniStack/backend/node_modules/.staging
391 silly rollbackFailedOptional Starting
392 silly rollbackFailedOptional Finishing
393 silly runTopLevelLifecycles Starting
394 silly runTopLevelLifecycles Finishing
395 silly install printInstalled
396 warn optional Skipping failed optional dependency /chokidar/fsevents:
397 warn notsup Not compatible with your operating system or architecture: fsevents@2.1.2
398 warn knex@0.20.13 requires a peer of mssql@^6.1.0 but none was installed.
399 warn knex@0.20.13 requires a peer of mysql@^2.18.1 but none was installed.
400 warn knex@0.20.13 requires a peer of mysql2@^2.1.0 but none was installed.
401 warn knex@0.20.13 requires a peer of pg@^7.18.2 but none was installed.
402 warn backend@1.0.0 No description
403 warn backend@1.0.0 No repository field.
404 verbose stack Error: EACCES: permission denied, rename '/mnt/c/Users/Marcelo/Documents/Programação/Semana-OmniStack/backend/node_modules/knex' -> '/mnt/c/Users/Marcelo/Documents/Programação/Semana-OmniStack/backend/node_modules/.knex.DELETE'
404 verbose stack     at moveAway (/usr/share/npm/lib/install/action/finalize.js:38:5)
404 verbose stack     at destStatted (/usr/share/npm/lib/install/action/finalize.js:27:7)
404 verbose stack     at FSReqWrap.oncomplete (fs.js:153:5)
404 verbose stack
404 verbose stack Error: EACCES: permission denied, rename '/mnt/c/Users/Marcelo/Documents/Programação/Semana-OmniStack/backend/node_modules/knex' -> '/mnt/c/Users/Marcelo/Documents/Programação/Semana-OmniStack/backend/node_modules/.knex.DELETE'
405 verbose cwd /mnt/c/Users/Marcelo/Documents/Programação/Semana-OmniStack/backend
406 error Linux 4.4.0-18362-Microsoft
407 error argv "/usr/bin/node" "/usr/bin/npm" "install" "cors"
408 error node v8.10.0
409 error npm  v3.5.2
410 error path /mnt/c/Users/Marcelo/Documents/Programação/Semana-OmniStack/backend/node_modules/knex
411 error code EACCES
412 error errno -13
413 error syscall rename
414 error Error: EACCES: permission denied, rename '/mnt/c/Users/Marcelo/Documents/Programação/Semana-OmniStack/backend/node_modules/knex' -> '/mnt/c/Users/Marcelo/Documents/Programação/Semana-OmniStack/backend/node_modules/.knex.DELETE'
414 error     at moveAway (/usr/share/npm/lib/install/action/finalize.js:38:5)
414 error     at destStatted (/usr/share/npm/lib/install/action/finalize.js:27:7)
414 error     at FSReqWrap.oncomplete (fs.js:153:5)
414 error
414 error Error: EACCES: permission denied, rename '/mnt/c/Users/Marcelo/Documents/Programação/Semana-OmniStack/backend/node_modules/knex' -> '/mnt/c/Users/Marcelo/Documents/Programação/Semana-OmniStack/backend/node_modules/.knex.DELETE'
414 error  { Error: EACCES: permission denied, rename '/mnt/c/Users/Marcelo/Documents/Programação/Semana-OmniStack/backend/node_modules/knex' -> '/mnt/c/Users/Marcelo/Documents/Programação/Semana-OmniStack/backend/node_modules/.knex.DELETE'
414 error     at moveAway (/usr/share/npm/lib/install/action/finalize.js:38:5)
414 error     at destStatted (/usr/share/npm/lib/install/action/finalize.js:27:7)
414 error     at FSReqWrap.oncomplete (fs.js:153:5)
414 error
414 error Error: EACCES: permission denied, rename '/mnt/c/Users/Marcelo/Documents/Programação/Semana-OmniStack/backend/node_modules/knex' -> '/mnt/c/Users/Marcelo/Documents/Programação/Semana-OmniStack/backend/node_modules/.knex.DELETE' parent: 'backend' }
415 error Please try running this command again as root/Administrator.
416 verbose exit [ -13, true ]
